<?xml version="1.0" encoding="UTF-8"?>
<coverage generated="1683750637611" clover="3.2.0">
  <project timestamp="1683750637611" name="All files">
    <metrics statements="557" coveredstatements="557" conditionals="164" coveredconditionals="163" methods="76" coveredmethods="76" elements="797" coveredelements="796" complexity="0" loc="557" ncloc="557" packages="13" files="14" classes="14"/>
    <package name="components.CButton">
      <metrics statements="39" coveredstatements="39" conditionals="14" coveredconditionals="14" methods="11" coveredmethods="11"/>
      <file name="CButton.tsx" path="C:\Users\Horia\Documents\Work\Personal\solid.js\color-ui\src\components\CButton\CButton.tsx">
        <metrics statements="39" coveredstatements="39" conditionals="14" coveredconditionals="14" methods="11" coveredmethods="11"/>
        <line num="1" count="1" type="stmt"/>
        <line num="2" count="1" type="stmt"/>
        <line num="3" count="1" type="stmt"/>
        <line num="4" count="1" type="stmt"/>
        <line num="5" count="1" type="stmt"/>
        <line num="6" count="1" type="stmt"/>
        <line num="7" count="1" type="stmt"/>
        <line num="8" count="21" type="cond" truecount="1" falsecount="0"/>
        <line num="9" count="21" type="stmt"/>
        <line num="10" count="21" type="stmt"/>
        <line num="11" count="1" type="cond" truecount="1" falsecount="0"/>
        <line num="12" count="21" type="stmt"/>
        <line num="13" count="21" type="stmt"/>
        <line num="14" count="21" type="stmt"/>
        <line num="15" count="21" type="stmt"/>
        <line num="16" count="21" type="stmt"/>
        <line num="17" count="21" type="cond" truecount="1" falsecount="0"/>
        <line num="18" count="21" type="stmt"/>
        <line num="19" count="21" type="stmt"/>
        <line num="20" count="21" type="stmt"/>
        <line num="21" count="21" type="stmt"/>
        <line num="22" count="21" type="stmt"/>
        <line num="23" count="21" type="stmt"/>
        <line num="24" count="21" type="cond" truecount="1" falsecount="0"/>
        <line num="25" count="21" type="stmt"/>
        <line num="26" count="21" type="stmt"/>
        <line num="27" count="21" type="stmt"/>
        <line num="28" count="21" type="stmt"/>
        <line num="29" count="21" type="cond" truecount="1" falsecount="0"/>
        <line num="30" count="21" type="cond" truecount="2" falsecount="0"/>
        <line num="31" count="21" type="cond" truecount="1" falsecount="0"/>
        <line num="32" count="1" type="stmt"/>
        <line num="33" count="21" type="stmt"/>
        <line num="34" count="21" type="stmt"/>
        <line num="35" count="21" type="stmt"/>
        <line num="36" count="21" type="cond" truecount="5" falsecount="0"/>
        <line num="37" count="21" type="stmt"/>
        <line num="38" count="21" type="stmt"/>
        <line num="39" count="21" type="cond" truecount="1" falsecount="0"/>
      </file>
    </package>
    <package name="components.CDialog">
      <metrics statements="38" coveredstatements="38" conditionals="20" coveredconditionals="19" methods="7" coveredmethods="7"/>
      <file name="CDialog.tsx" path="C:\Users\Horia\Documents\Work\Personal\solid.js\color-ui\src\components\CDialog\CDialog.tsx">
        <metrics statements="13" coveredstatements="13" conditionals="9" coveredconditionals="9" methods="5" coveredmethods="5"/>
        <line num="1" count="1" type="stmt"/>
        <line num="2" count="1" type="stmt"/>
        <line num="3" count="1" type="stmt"/>
        <line num="4" count="1" type="stmt"/>
        <line num="5" count="1" type="stmt"/>
        <line num="6" count="1" type="stmt"/>
        <line num="7" count="1" type="cond" truecount="1" falsecount="0"/>
        <line num="8" count="2" type="cond" truecount="2" falsecount="0"/>
        <line num="9" count="2" type="cond" truecount="3" falsecount="0"/>
        <line num="10" count="1" type="cond" truecount="2" falsecount="0"/>
        <line num="11" count="2" type="stmt"/>
        <line num="12" count="2" type="stmt"/>
        <line num="13" count="2" type="cond" truecount="1" falsecount="0"/>
      </file>
      <file name="CDialogContent.tsx" path="C:\Users\Horia\Documents\Work\Personal\solid.js\color-ui\src\components\CDialog\CDialogContent.tsx">
        <metrics statements="25" coveredstatements="25" conditionals="11" coveredconditionals="10" methods="2" coveredmethods="2"/>
        <line num="1" count="1" type="stmt"/>
        <line num="2" count="1" type="stmt"/>
        <line num="3" count="1" type="stmt"/>
        <line num="4" count="1" type="stmt"/>
        <line num="5" count="1" type="stmt"/>
        <line num="6" count="1" type="stmt"/>
        <line num="7" count="1" type="stmt"/>
        <line num="8" count="1" type="stmt"/>
        <line num="9" count="1" type="cond" truecount="1" falsecount="0"/>
        <line num="10" count="3" type="stmt"/>
        <line num="11" count="3" type="stmt"/>
        <line num="12" count="3" type="stmt"/>
        <line num="13" count="3" type="stmt"/>
        <line num="14" count="3" type="stmt"/>
        <line num="15" count="3" type="cond" truecount="1" falsecount="0"/>
        <line num="16" count="3" type="stmt"/>
        <line num="17" count="3" type="cond" truecount="2" falsecount="0"/>
        <line num="18" count="1" type="stmt"/>
        <line num="19" count="1" type="stmt"/>
        <line num="20" count="3" type="stmt"/>
        <line num="21" count="3" type="cond" truecount="2" falsecount="1"/>
        <line num="22" count="3" type="cond" truecount="3" falsecount="0"/>
        <line num="23" count="3" type="stmt"/>
        <line num="24" count="3" type="stmt"/>
        <line num="25" count="3" type="cond" truecount="1" falsecount="0"/>
      </file>
    </package>
    <package name="components.CIcon">
      <metrics statements="13" coveredstatements="13" conditionals="4" coveredconditionals="4" methods="3" coveredmethods="3"/>
      <file name="CIcon.tsx" path="C:\Users\Horia\Documents\Work\Personal\solid.js\color-ui\src\components\CIcon\CIcon.tsx">
        <metrics statements="13" coveredstatements="13" conditionals="4" coveredconditionals="4" methods="3" coveredmethods="3"/>
        <line num="1" count="1" type="stmt"/>
        <line num="2" count="1" type="stmt"/>
        <line num="3" count="1" type="stmt"/>
        <line num="4" count="1" type="stmt"/>
        <line num="5" count="1" type="stmt"/>
        <line num="6" count="1" type="cond" truecount="1" falsecount="0"/>
        <line num="7" count="2" type="stmt"/>
        <line num="8" count="2" type="cond" truecount="2" falsecount="0"/>
        <line num="9" count="2" type="stmt"/>
        <line num="10" count="2" type="stmt"/>
        <line num="11" count="2" type="stmt"/>
        <line num="12" count="2" type="stmt"/>
        <line num="13" count="2" type="cond" truecount="1" falsecount="0"/>
      </file>
    </package>
    <package name="components.CProvider">
      <metrics statements="34" coveredstatements="34" conditionals="11" coveredconditionals="11" methods="4" coveredmethods="4"/>
      <file name="CProvider.tsx" path="C:\Users\Horia\Documents\Work\Personal\solid.js\color-ui\src\components\CProvider\CProvider.tsx">
        <metrics statements="34" coveredstatements="34" conditionals="11" coveredconditionals="11" methods="4" coveredmethods="4"/>
        <line num="1" count="1" type="stmt"/>
        <line num="2" count="1" type="stmt"/>
        <line num="3" count="1" type="stmt"/>
        <line num="4" count="1" type="stmt"/>
        <line num="5" count="1" type="stmt"/>
        <line num="6" count="1" type="stmt"/>
        <line num="7" count="1" type="stmt"/>
        <line num="8" count="1" type="stmt"/>
        <line num="9" count="1" type="stmt"/>
        <line num="10" count="1" type="cond" truecount="1" falsecount="0"/>
        <line num="11" count="4" type="stmt"/>
        <line num="12" count="4" type="stmt"/>
        <line num="13" count="4" type="stmt"/>
        <line num="14" count="4" type="cond" truecount="1" falsecount="0"/>
        <line num="15" count="4" type="stmt"/>
        <line num="16" count="4" type="stmt"/>
        <line num="17" count="4" type="cond" truecount="1" falsecount="0"/>
        <line num="18" count="4" type="stmt"/>
        <line num="19" count="4" type="cond" truecount="1" falsecount="0"/>
        <line num="20" count="1" type="stmt"/>
        <line num="21" count="1" type="stmt"/>
        <line num="22" count="1" type="stmt"/>
        <line num="23" count="1" type="stmt"/>
        <line num="24" count="4" type="stmt"/>
        <line num="25" count="4" type="stmt"/>
        <line num="26" count="4" type="cond" truecount="1" falsecount="0"/>
        <line num="27" count="4" type="stmt"/>
        <line num="28" count="4" type="stmt"/>
        <line num="29" count="4" type="stmt"/>
        <line num="30" count="4" type="stmt"/>
        <line num="31" count="4" type="cond" truecount="5" falsecount="0"/>
        <line num="32" count="4" type="stmt"/>
        <line num="33" count="4" type="stmt"/>
        <line num="34" count="4" type="cond" truecount="1" falsecount="0"/>
      </file>
    </package>
    <package name="composables.use-dialog-content">
      <metrics statements="97" coveredstatements="97" conditionals="37" coveredconditionals="37" methods="17" coveredmethods="17"/>
      <file name="index.ts" path="C:\Users\Horia\Documents\Work\Personal\solid.js\color-ui\src\composables\use-dialog-content\index.ts">
        <metrics statements="97" coveredstatements="97" conditionals="37" coveredconditionals="37" methods="17" coveredmethods="17"/>
        <line num="1" count="1" type="stmt"/>
        <line num="2" count="1" type="stmt"/>
        <line num="3" count="1" type="stmt"/>
        <line num="4" count="1" type="stmt"/>
        <line num="5" count="1" type="stmt"/>
        <line num="6" count="1" type="stmt"/>
        <line num="7" count="1" type="stmt"/>
        <line num="8" count="1" type="stmt"/>
        <line num="9" count="1" type="cond" truecount="1" falsecount="0"/>
        <line num="10" count="6" type="stmt"/>
        <line num="11" count="6" type="cond" truecount="1" falsecount="0"/>
        <line num="12" count="1" type="cond" truecount="1" falsecount="0"/>
        <line num="13" count="8" type="cond" truecount="1" falsecount="0"/>
        <line num="14" count="7" type="cond" truecount="1" falsecount="0"/>
        <line num="15" count="2" type="stmt"/>
        <line num="16" count="7" type="stmt"/>
        <line num="17" count="7" type="stmt"/>
        <line num="18" count="1" type="cond" truecount="1" falsecount="0"/>
        <line num="19" count="1" type="stmt"/>
        <line num="20" count="1" type="stmt"/>
        <line num="21" count="1" type="stmt"/>
        <line num="22" count="1" type="stmt"/>
        <line num="23" count="1" type="cond" truecount="1" falsecount="0"/>
        <line num="24" count="2" type="stmt"/>
        <line num="25" count="2" type="stmt"/>
        <line num="26" count="2" type="stmt"/>
        <line num="27" count="2" type="stmt"/>
        <line num="28" count="2" type="stmt"/>
        <line num="29" count="2" type="stmt"/>
        <line num="30" count="2" type="stmt"/>
        <line num="31" count="2" type="cond" truecount="1" falsecount="0"/>
        <line num="32" count="1" type="cond" truecount="1" falsecount="0"/>
        <line num="33" count="6" type="cond" truecount="2" falsecount="0"/>
        <line num="34" count="1" type="stmt"/>
        <line num="35" count="5" type="stmt"/>
        <line num="36" count="5" type="stmt"/>
        <line num="37" count="5" type="stmt"/>
        <line num="38" count="2" type="cond" truecount="1" falsecount="0"/>
        <line num="39" count="1" type="stmt"/>
        <line num="40" count="1" type="stmt"/>
        <line num="41" count="1" type="stmt"/>
        <line num="42" count="1" type="stmt"/>
        <line num="43" count="1" type="cond" truecount="1" falsecount="0"/>
        <line num="44" count="4" type="stmt"/>
        <line num="45" count="4" type="stmt"/>
        <line num="46" count="4" type="stmt"/>
        <line num="47" count="4" type="stmt"/>
        <line num="48" count="4" type="cond" truecount="1" falsecount="0"/>
        <line num="49" count="4" type="stmt"/>
        <line num="50" count="4" type="stmt"/>
        <line num="51" count="4" type="stmt"/>
        <line num="52" count="4" type="cond" truecount="1" falsecount="0"/>
        <line num="53" count="4" type="stmt"/>
        <line num="54" count="4" type="stmt"/>
        <line num="55" count="4" type="cond" truecount="1" falsecount="0"/>
        <line num="56" count="1" type="cond" truecount="1" falsecount="0"/>
        <line num="57" count="9" type="cond" truecount="3" falsecount="0"/>
        <line num="58" count="7" type="stmt"/>
        <line num="59" count="7" type="stmt"/>
        <line num="60" count="7" type="stmt"/>
        <line num="61" count="7" type="stmt"/>
        <line num="62" count="2" type="cond" truecount="1" falsecount="0"/>
        <line num="63" count="1" type="cond" truecount="1" falsecount="0"/>
        <line num="64" count="6" type="cond" truecount="1" falsecount="0"/>
        <line num="65" count="6" type="cond" truecount="2" falsecount="0"/>
        <line num="66" count="5" type="stmt"/>
        <line num="67" count="5" type="cond" truecount="1" falsecount="0"/>
        <line num="68" count="3" type="cond" truecount="1" falsecount="0"/>
        <line num="69" count="1" type="stmt"/>
        <line num="70" count="1" type="stmt"/>
        <line num="71" count="1" type="stmt"/>
        <line num="72" count="1" type="stmt"/>
        <line num="73" count="1" type="cond" truecount="1" falsecount="0"/>
        <line num="74" count="7" type="cond" truecount="1" falsecount="0"/>
        <line num="75" count="7" type="stmt"/>
        <line num="76" count="7" type="stmt"/>
        <line num="77" count="7" type="stmt"/>
        <line num="78" count="7" type="stmt"/>
        <line num="79" count="7" type="cond" truecount="1" falsecount="0"/>
        <line num="80" count="3" type="stmt"/>
        <line num="81" count="7" type="stmt"/>
        <line num="82" count="7" type="cond" truecount="2" falsecount="0"/>
        <line num="83" count="30" type="cond" truecount="2" falsecount="0"/>
        <line num="84" count="14" type="stmt"/>
        <line num="85" count="14" type="stmt"/>
        <line num="86" count="7" type="stmt"/>
        <line num="87" count="7" type="stmt"/>
        <line num="88" count="7" type="stmt"/>
        <line num="89" count="7" type="cond" truecount="1" falsecount="0"/>
        <line num="90" count="33" type="cond" truecount="1" falsecount="0"/>
        <line num="91" count="7" type="stmt"/>
        <line num="92" count="7" type="stmt"/>
        <line num="93" count="7" type="stmt"/>
        <line num="94" count="7" type="stmt"/>
        <line num="95" count="7" type="stmt"/>
        <line num="96" count="7" type="stmt"/>
        <line num="97" count="7" type="cond" truecount="1" falsecount="0"/>
      </file>
    </package>
    <package name="core.color-generator">
      <metrics statements="172" coveredstatements="172" conditionals="52" coveredconditionals="52" methods="18" coveredmethods="18"/>
      <file name="index.ts" path="C:\Users\Horia\Documents\Work\Personal\solid.js\color-ui\src\core\color-generator\index.ts">
        <metrics statements="172" coveredstatements="172" conditionals="52" coveredconditionals="52" methods="18" coveredmethods="18"/>
        <line num="1" count="1" type="stmt"/>
        <line num="2" count="1" type="stmt"/>
        <line num="3" count="1" type="stmt"/>
        <line num="4" count="1" type="stmt"/>
        <line num="5" count="1" type="stmt"/>
        <line num="6" count="1" type="stmt"/>
        <line num="7" count="1" type="cond" truecount="1" falsecount="0"/>
        <line num="8" count="62" type="cond" truecount="1" falsecount="0"/>
        <line num="9" count="5" type="stmt"/>
        <line num="10" count="5" type="cond" truecount="1" falsecount="0"/>
        <line num="11" count="57" type="stmt"/>
        <line num="12" count="62" type="cond" truecount="1" falsecount="0"/>
        <line num="13" count="4" type="stmt"/>
        <line num="14" count="4" type="cond" truecount="1" falsecount="0"/>
        <line num="15" count="53" type="stmt"/>
        <line num="16" count="53" type="stmt"/>
        <line num="17" count="53" type="stmt"/>
        <line num="18" count="53" type="stmt"/>
        <line num="19" count="53" type="stmt"/>
        <line num="20" count="53" type="stmt"/>
        <line num="21" count="53" type="stmt"/>
        <line num="22" count="53" type="stmt"/>
        <line num="23" count="53" type="stmt"/>
        <line num="24" count="53" type="stmt"/>
        <line num="25" count="53" type="stmt"/>
        <line num="26" count="12" type="cond" truecount="1" falsecount="0"/>
        <line num="27" count="1" type="cond" truecount="1" falsecount="0"/>
        <line num="28" count="134" type="stmt"/>
        <line num="29" count="134" type="stmt"/>
        <line num="30" count="134" type="stmt"/>
        <line num="31" count="134" type="stmt"/>
        <line num="32" count="134" type="stmt"/>
        <line num="33" count="134" type="cond" truecount="2" falsecount="0"/>
        <line num="34" count="2" type="stmt"/>
        <line num="35" count="2" type="cond" truecount="1" falsecount="0"/>
        <line num="36" count="132" type="stmt"/>
        <line num="37" count="132" type="stmt"/>
        <line num="38" count="134" type="cond" truecount="2" falsecount="0"/>
        <line num="39" count="134" type="cond" truecount="2" falsecount="0"/>
        <line num="40" count="134" type="cond" truecount="2" falsecount="0"/>
        <line num="41" count="134" type="stmt"/>
        <line num="42" count="5" type="cond" truecount="1" falsecount="0"/>
        <line num="43" count="1" type="cond" truecount="1" falsecount="0"/>
        <line num="44" count="134" type="stmt"/>
        <line num="45" count="134" type="stmt"/>
        <line num="46" count="134" type="stmt"/>
        <line num="47" count="134" type="stmt"/>
        <line num="48" count="134" type="stmt"/>
        <line num="49" count="134" type="cond" truecount="2" falsecount="0"/>
        <line num="50" count="2" type="stmt"/>
        <line num="51" count="2" type="cond" truecount="1" falsecount="0"/>
        <line num="52" count="132" type="stmt"/>
        <line num="53" count="132" type="stmt"/>
        <line num="54" count="134" type="cond" truecount="2" falsecount="0"/>
        <line num="55" count="134" type="cond" truecount="2" falsecount="0"/>
        <line num="56" count="134" type="cond" truecount="2" falsecount="0"/>
        <line num="57" count="134" type="stmt"/>
        <line num="58" count="5" type="cond" truecount="1" falsecount="0"/>
        <line num="59" count="1" type="cond" truecount="1" falsecount="0"/>
        <line num="60" count="43" type="stmt"/>
        <line num="61" count="43" type="stmt"/>
        <line num="62" count="43" type="stmt"/>
        <line num="63" count="43" type="stmt"/>
        <line num="64" count="43" type="stmt"/>
        <line num="65" count="43" type="stmt"/>
        <line num="66" count="43" type="stmt"/>
        <line num="67" count="43" type="stmt"/>
        <line num="68" count="43" type="stmt"/>
        <line num="69" count="3" type="cond" truecount="1" falsecount="0"/>
        <line num="70" count="1" type="cond" truecount="1" falsecount="0"/>
        <line num="71" count="298" type="stmt"/>
        <line num="72" count="298" type="stmt"/>
        <line num="73" count="298" type="stmt"/>
        <line num="74" count="298" type="stmt"/>
        <line num="75" count="298" type="stmt"/>
        <line num="76" count="298" type="stmt"/>
        <line num="77" count="298" type="cond" truecount="2" falsecount="0"/>
        <line num="78" count="298" type="cond" truecount="2" falsecount="0"/>
        <line num="79" count="298" type="cond" truecount="2" falsecount="0"/>
        <line num="80" count="298" type="stmt"/>
        <line num="81" count="298" type="cond" truecount="1" falsecount="0"/>
        <line num="82" count="162" type="stmt"/>
        <line num="83" count="298" type="cond" truecount="1" falsecount="0"/>
        <line num="84" count="136" type="stmt"/>
        <line num="85" count="136" type="stmt"/>
        <line num="86" count="4" type="cond" truecount="1" falsecount="0"/>
        <line num="87" count="1" type="cond" truecount="1" falsecount="0"/>
        <line num="88" count="42" type="stmt"/>
        <line num="89" count="42" type="stmt"/>
        <line num="90" count="42" type="stmt"/>
        <line num="91" count="42" type="stmt"/>
        <line num="92" count="42" type="stmt"/>
        <line num="93" count="42" type="stmt"/>
        <line num="94" count="42" type="stmt"/>
        <line num="95" count="42" type="stmt"/>
        <line num="96" count="42" type="stmt"/>
        <line num="97" count="42" type="stmt"/>
        <line num="98" count="42" type="stmt"/>
        <line num="99" count="42" type="stmt"/>
        <line num="100" count="42" type="stmt"/>
        <line num="101" count="42" type="stmt"/>
        <line num="102" count="42" type="stmt"/>
        <line num="103" count="42" type="stmt"/>
        <line num="104" count="42" type="stmt"/>
        <line num="105" count="42" type="stmt"/>
        <line num="106" count="42" type="stmt"/>
        <line num="107" count="42" type="stmt"/>
        <line num="108" count="42" type="stmt"/>
        <line num="109" count="42" type="stmt"/>
        <line num="110" count="42" type="stmt"/>
        <line num="111" count="42" type="stmt"/>
        <line num="112" count="42" type="stmt"/>
        <line num="113" count="42" type="stmt"/>
        <line num="114" count="42" type="stmt"/>
        <line num="115" count="42" type="stmt"/>
        <line num="116" count="42" type="stmt"/>
        <line num="117" count="42" type="stmt"/>
        <line num="118" count="42" type="stmt"/>
        <line num="119" count="42" type="stmt"/>
        <line num="120" count="42" type="stmt"/>
        <line num="121" count="42" type="stmt"/>
        <line num="122" count="42" type="stmt"/>
        <line num="123" count="42" type="stmt"/>
        <line num="124" count="42" type="stmt"/>
        <line num="125" count="42" type="stmt"/>
        <line num="126" count="42" type="stmt"/>
        <line num="127" count="42" type="stmt"/>
        <line num="128" count="42" type="stmt"/>
        <line num="129" count="42" type="stmt"/>
        <line num="130" count="2" type="cond" truecount="1" falsecount="0"/>
        <line num="131" count="1" type="cond" truecount="1" falsecount="0"/>
        <line num="132" count="41" type="stmt"/>
        <line num="133" count="41" type="cond" truecount="1" falsecount="0"/>
        <line num="134" count="287" type="stmt"/>
        <line num="135" count="287" type="stmt"/>
        <line num="136" count="287" type="stmt"/>
        <line num="137" count="287" type="stmt"/>
        <line num="138" count="287" type="stmt"/>
        <line num="139" count="287" type="stmt"/>
        <line num="140" count="287" type="stmt"/>
        <line num="141" count="287" type="stmt"/>
        <line num="142" count="287" type="stmt"/>
        <line num="143" count="287" type="stmt"/>
        <line num="144" count="287" type="stmt"/>
        <line num="145" count="287" type="stmt"/>
        <line num="146" count="287" type="stmt"/>
        <line num="147" count="287" type="stmt"/>
        <line num="148" count="287" type="stmt"/>
        <line num="149" count="287" type="stmt"/>
        <line num="150" count="41" type="stmt"/>
        <line num="151" count="41" type="stmt"/>
        <line num="152" count="1" type="cond" truecount="1" falsecount="0"/>
        <line num="153" count="1" type="cond" truecount="1" falsecount="0"/>
        <line num="154" count="5" type="stmt"/>
        <line num="155" count="5" type="stmt"/>
        <line num="156" count="5" type="stmt"/>
        <line num="157" count="5" type="stmt"/>
        <line num="158" count="5" type="stmt"/>
        <line num="159" count="5" type="cond" truecount="1" falsecount="0"/>
        <line num="160" count="45" type="cond" truecount="1" falsecount="0"/>
        <line num="161" count="40" type="stmt"/>
        <line num="162" count="40" type="stmt"/>
        <line num="163" count="40" type="stmt"/>
        <line num="164" count="40" type="stmt"/>
        <line num="165" count="40" type="stmt"/>
        <line num="166" count="40" type="stmt"/>
        <line num="167" count="5" type="stmt"/>
        <line num="168" count="5" type="stmt"/>
        <line num="169" count="1" type="cond" truecount="1" falsecount="0"/>
        <line num="170" count="1" type="cond" truecount="1" falsecount="0"/>
        <line num="171" count="4" type="cond" truecount="1" falsecount="0"/>
        <line num="172" count="4" type="cond" truecount="1" falsecount="0"/>
      </file>
    </package>
    <package name="core.config">
      <metrics statements="14" coveredstatements="14" conditionals="4" coveredconditionals="4" methods="4" coveredmethods="4"/>
      <file name="index.ts" path="C:\Users\Horia\Documents\Work\Personal\solid.js\color-ui\src\core\config\index.ts">
        <metrics statements="14" coveredstatements="14" conditionals="4" coveredconditionals="4" methods="4" coveredmethods="4"/>
        <line num="1" count="1" type="stmt"/>
        <line num="2" count="1" type="stmt"/>
        <line num="3" count="1" type="stmt"/>
        <line num="4" count="1" type="stmt"/>
        <line num="5" count="1" type="stmt"/>
        <line num="6" count="1" type="cond" truecount="1" falsecount="0"/>
        <line num="7" count="8" type="stmt"/>
        <line num="8" count="8" type="cond" truecount="1" falsecount="0"/>
        <line num="9" count="1" type="cond" truecount="1" falsecount="0"/>
        <line num="10" count="2" type="stmt"/>
        <line num="11" count="2" type="stmt"/>
        <line num="12" count="2" type="stmt"/>
        <line num="13" count="2" type="stmt"/>
        <line num="14" count="2" type="cond" truecount="1" falsecount="0"/>
      </file>
    </package>
    <package name="core.constants">
      <metrics statements="69" coveredstatements="69" conditionals="3" coveredconditionals="3" methods="3" coveredmethods="3"/>
      <file name="index.ts" path="C:\Users\Horia\Documents\Work\Personal\solid.js\color-ui\src\core\constants\index.ts">
        <metrics statements="69" coveredstatements="69" conditionals="3" coveredconditionals="3" methods="3" coveredmethods="3"/>
        <line num="1" count="1" type="stmt"/>
        <line num="2" count="1" type="stmt"/>
        <line num="3" count="1" type="stmt"/>
        <line num="4" count="1" type="stmt"/>
        <line num="5" count="1" type="stmt"/>
        <line num="6" count="1" type="stmt"/>
        <line num="7" count="1" type="stmt"/>
        <line num="8" count="1" type="stmt"/>
        <line num="9" count="1" type="stmt"/>
        <line num="10" count="1" type="stmt"/>
        <line num="11" count="1" type="stmt"/>
        <line num="12" count="1" type="stmt"/>
        <line num="13" count="1" type="stmt"/>
        <line num="14" count="1" type="stmt"/>
        <line num="15" count="1" type="stmt"/>
        <line num="16" count="1" type="stmt"/>
        <line num="17" count="1" type="stmt"/>
        <line num="18" count="1" type="stmt"/>
        <line num="19" count="1" type="stmt"/>
        <line num="20" count="1" type="stmt"/>
        <line num="21" count="1" type="stmt"/>
        <line num="22" count="1" type="stmt"/>
        <line num="23" count="1" type="stmt"/>
        <line num="24" count="1" type="stmt"/>
        <line num="25" count="1" type="stmt"/>
        <line num="26" count="1" type="stmt"/>
        <line num="27" count="1" type="stmt"/>
        <line num="28" count="1" type="stmt"/>
        <line num="29" count="1" type="stmt"/>
        <line num="30" count="1" type="stmt"/>
        <line num="31" count="1" type="stmt"/>
        <line num="32" count="1" type="stmt"/>
        <line num="33" count="1" type="stmt"/>
        <line num="34" count="1" type="stmt"/>
        <line num="35" count="1" type="stmt"/>
        <line num="36" count="1" type="stmt"/>
        <line num="37" count="1" type="stmt"/>
        <line num="38" count="1" type="stmt"/>
        <line num="39" count="1" type="stmt"/>
        <line num="40" count="1" type="stmt"/>
        <line num="41" count="1" type="stmt"/>
        <line num="42" count="1" type="stmt"/>
        <line num="43" count="1" type="stmt"/>
        <line num="44" count="1" type="stmt"/>
        <line num="45" count="1" type="stmt"/>
        <line num="46" count="1" type="stmt"/>
        <line num="47" count="1" type="stmt"/>
        <line num="48" count="1" type="stmt"/>
        <line num="49" count="1" type="stmt"/>
        <line num="50" count="1" type="cond" truecount="1" falsecount="0"/>
        <line num="51" count="1" type="stmt"/>
        <line num="52" count="1" type="stmt"/>
        <line num="53" count="1" type="stmt"/>
        <line num="54" count="1" type="stmt"/>
        <line num="55" count="1" type="stmt"/>
        <line num="56" count="1" type="stmt"/>
        <line num="57" count="1" type="stmt"/>
        <line num="58" count="1" type="stmt"/>
        <line num="59" count="1" type="stmt"/>
        <line num="60" count="1" type="cond" truecount="1" falsecount="0"/>
        <line num="61" count="1" type="stmt"/>
        <line num="62" count="1" type="stmt"/>
        <line num="63" count="1" type="stmt"/>
        <line num="64" count="1" type="stmt"/>
        <line num="65" count="1" type="stmt"/>
        <line num="66" count="1" type="stmt"/>
        <line num="67" count="1" type="stmt"/>
        <line num="68" count="1" type="stmt"/>
        <line num="69" count="4" type="cond" truecount="1" falsecount="0"/>
      </file>
    </package>
    <package name="core.i18n.providers">
      <metrics statements="51" coveredstatements="51" conditionals="7" coveredconditionals="7" methods="5" coveredmethods="5"/>
      <file name="default-provider.ts" path="C:\Users\Horia\Documents\Work\Personal\solid.js\color-ui\src\core\i18n\providers\default-provider.ts">
        <metrics statements="51" coveredstatements="51" conditionals="7" coveredconditionals="7" methods="5" coveredmethods="5"/>
        <line num="1" count="1" type="stmt"/>
        <line num="2" count="1" type="stmt"/>
        <line num="3" count="1" type="stmt"/>
        <line num="4" count="1" type="stmt"/>
        <line num="5" count="1" type="stmt"/>
        <line num="6" count="1" type="stmt"/>
        <line num="7" count="1" type="stmt"/>
        <line num="8" count="1" type="stmt"/>
        <line num="9" count="1" type="stmt"/>
        <line num="10" count="1" type="stmt"/>
        <line num="11" count="1" type="stmt"/>
        <line num="12" count="1" type="stmt"/>
        <line num="13" count="1" type="stmt"/>
        <line num="14" count="1" type="stmt"/>
        <line num="15" count="6" type="cond" truecount="1" falsecount="0"/>
        <line num="16" count="6" type="stmt"/>
        <line num="17" count="6" type="stmt"/>
        <line num="18" count="6" type="stmt"/>
        <line num="19" count="6" type="stmt"/>
        <line num="20" count="6" type="stmt"/>
        <line num="21" count="6" type="stmt"/>
        <line num="22" count="6" type="stmt"/>
        <line num="23" count="6" type="stmt"/>
        <line num="24" count="2" type="cond" truecount="1" falsecount="0"/>
        <line num="25" count="2" type="stmt"/>
        <line num="26" count="2" type="stmt"/>
        <line num="27" count="2" type="stmt"/>
        <line num="28" count="2" type="stmt"/>
        <line num="29" count="2" type="stmt"/>
        <line num="30" count="1" type="cond" truecount="1" falsecount="0"/>
        <line num="31" count="1" type="stmt"/>
        <line num="32" count="1" type="stmt"/>
        <line num="33" count="1" type="stmt"/>
        <line num="34" count="1" type="stmt"/>
        <line num="35" count="1" type="stmt"/>
        <line num="36" count="1" type="stmt"/>
        <line num="37" count="1" type="stmt"/>
        <line num="38" count="1" type="stmt"/>
        <line num="39" count="1" type="stmt"/>
        <line num="40" count="7" type="cond" truecount="1" falsecount="0"/>
        <line num="41" count="7" type="cond" truecount="2" falsecount="0"/>
        <line num="42" count="7" type="stmt"/>
        <line num="43" count="7" type="stmt"/>
        <line num="44" count="7" type="cond" truecount="1" falsecount="0"/>
        <line num="45" count="7" type="stmt"/>
        <line num="46" count="7" type="stmt"/>
        <line num="47" count="7" type="stmt"/>
        <line num="48" count="7" type="stmt"/>
        <line num="49" count="7" type="stmt"/>
        <line num="50" count="7" type="stmt"/>
        <line num="51" count="7" type="stmt"/>
      </file>
    </package>
    <package name="utils.attribufy">
      <metrics statements="15" coveredstatements="15" conditionals="4" coveredconditionals="4" methods="1" coveredmethods="1"/>
      <file name="index.ts" path="C:\Users\Horia\Documents\Work\Personal\solid.js\color-ui\src\utils\attribufy\index.ts">
        <metrics statements="15" coveredstatements="15" conditionals="4" coveredconditionals="4" methods="1" coveredmethods="1"/>
        <line num="1" count="1" type="stmt"/>
        <line num="2" count="1" type="stmt"/>
        <line num="3" count="1" type="stmt"/>
        <line num="4" count="1" type="stmt"/>
        <line num="5" count="1" type="stmt"/>
        <line num="6" count="1" type="stmt"/>
        <line num="7" count="1" type="cond" truecount="2" falsecount="0"/>
        <line num="8" count="29" type="cond" truecount="1" falsecount="0"/>
        <line num="9" count="64" type="cond" truecount="1" falsecount="0"/>
        <line num="10" count="9" type="stmt"/>
        <line num="11" count="9" type="stmt"/>
        <line num="12" count="64" type="stmt"/>
        <line num="13" count="29" type="stmt"/>
        <line num="14" count="29" type="stmt"/>
        <line num="15" count="1" type="stmt"/>
      </file>
    </package>
    <package name="utils.build-color-style">
      <metrics statements="9" coveredstatements="9" conditionals="2" coveredconditionals="2" methods="1" coveredmethods="1"/>
      <file name="index.ts" path="C:\Users\Horia\Documents\Work\Personal\solid.js\color-ui\src\utils\build-color-style\index.ts">
        <metrics statements="9" coveredstatements="9" conditionals="2" coveredconditionals="2" methods="1" coveredmethods="1"/>
        <line num="1" count="1" type="stmt"/>
        <line num="2" count="1" type="stmt"/>
        <line num="3" count="22" type="cond" truecount="1" falsecount="0"/>
        <line num="4" count="22" type="stmt"/>
        <line num="5" count="22" type="cond" truecount="1" falsecount="0"/>
        <line num="6" count="154" type="stmt"/>
        <line num="7" count="154" type="stmt"/>
        <line num="8" count="22" type="stmt"/>
        <line num="9" count="22" type="stmt"/>
      </file>
    </package>
    <package name="utils.resolve-path">
      <metrics statements="3" coveredstatements="3" conditionals="4" coveredconditionals="4" methods="1" coveredmethods="1"/>
      <file name="index.ts" path="C:\Users\Horia\Documents\Work\Personal\solid.js\color-ui\src\utils\resolve-path\index.ts">
        <metrics statements="3" coveredstatements="3" conditionals="4" coveredconditionals="4" methods="1" coveredmethods="1"/>
        <line num="1" count="1" type="cond" truecount="1" falsecount="0"/>
        <line num="2" count="14" type="cond" truecount="3" falsecount="0"/>
        <line num="3" count="14" type="stmt"/>
      </file>
    </package>
    <package name="utils.sleep">
      <metrics statements="3" coveredstatements="3" conditionals="2" coveredconditionals="2" methods="1" coveredmethods="1"/>
      <file name="index.ts" path="C:\Users\Horia\Documents\Work\Personal\solid.js\color-ui\src\utils\sleep\index.ts">
        <metrics statements="3" coveredstatements="3" conditionals="2" coveredconditionals="2" methods="1" coveredmethods="1"/>
        <line num="1" count="1" type="cond" truecount="1" falsecount="0"/>
        <line num="2" count="10" type="cond" truecount="1" falsecount="0"/>
        <line num="3" count="10" type="stmt"/>
      </file>
    </package>
  </project>
</coverage>
