{"C:\\Users\\Horia\\Documents\\Work\\Personal\\solid.js\\color-ui\\src\\components\\CButton\\CButton.tsx": {"path":"C:\\Users\\Horia\\Documents\\Work\\Personal\\solid.js\\color-ui\\src\\components\\CButton\\CButton.tsx","all":false,"statementMap":{"0":{"start":{"line":1,"column":0},"end":{"line":1,"column":61}},"1":{"start":{"line":2,"column":0},"end":{"line":2,"column":39}},"2":{"start":{"line":3,"column":0},"end":{"line":3,"column":42}},"3":{"start":{"line":4,"column":0},"end":{"line":4,"column":56}},"4":{"start":{"line":5,"column":0},"end":{"line":5,"column":36}},"5":{"start":{"line":6,"column":0},"end":{"line":6,"column":41}},"6":{"start":{"line":7,"column":0},"end":{"line":7,"column":38}},"7":{"start":{"line":8,"column":0},"end":{"line":8,"column":46}},"8":{"start":{"line":9,"column":0},"end":{"line":9,"column":107}},"9":{"start":{"line":10,"column":0},"end":{"line":10,"column":1}},"10":{"start":{"line":11,"column":0},"end":{"line":11,"column":60}},"11":{"start":{"line":12,"column":0},"end":{"line":12,"column":28}},"12":{"start":{"line":13,"column":0},"end":{"line":13,"column":36}},"13":{"start":{"line":14,"column":0},"end":{"line":14,"column":34}},"14":{"start":{"line":15,"column":0},"end":{"line":15,"column":24}},"15":{"start":{"line":16,"column":0},"end":{"line":16,"column":15}},"16":{"start":{"line":17,"column":0},"end":{"line":17,"column":39}},"17":{"start":{"line":18,"column":0},"end":{"line":18,"column":45}},"18":{"start":{"line":19,"column":0},"end":{"line":19,"column":82}},"19":{"start":{"line":20,"column":0},"end":{"line":20,"column":55}},"20":{"start":{"line":21,"column":0},"end":{"line":21,"column":17}},"21":{"start":{"line":22,"column":0},"end":{"line":22,"column":22}},"22":{"start":{"line":23,"column":0},"end":{"line":23,"column":5}},"23":{"start":{"line":24,"column":0},"end":{"line":24,"column":34}},"24":{"start":{"line":25,"column":0},"end":{"line":25,"column":56}},"25":{"start":{"line":26,"column":0},"end":{"line":26,"column":17}},"26":{"start":{"line":27,"column":0},"end":{"line":27,"column":17}},"27":{"start":{"line":28,"column":0},"end":{"line":28,"column":5}},"28":{"start":{"line":29,"column":0},"end":{"line":29,"column":38}},"29":{"start":{"line":30,"column":0},"end":{"line":30,"column":37}},"30":{"start":{"line":31,"column":0},"end":{"line":31,"column":35}},"31":{"start":{"line":32,"column":0},"end":{"line":32,"column":15}},"32":{"start":{"line":33,"column":0},"end":{"line":33,"column":17}},"33":{"start":{"line":34,"column":0},"end":{"line":34,"column":21}},"34":{"start":{"line":35,"column":0},"end":{"line":35,"column":5}},"35":{"start":{"line":36,"column":0},"end":{"line":36,"column":110}},"36":{"start":{"line":37,"column":0},"end":{"line":37,"column":25}},"37":{"start":{"line":38,"column":0},"end":{"line":38,"column":15}},"38":{"start":{"line":39,"column":0},"end":{"line":39,"column":2}}},"s":{"0":1,"1":1,"2":1,"3":1,"4":1,"5":1,"6":1,"7":21,"8":21,"9":21,"10":1,"11":21,"12":21,"13":21,"14":21,"15":21,"16":21,"17":21,"18":21,"19":21,"20":21,"21":21,"22":21,"23":21,"24":21,"25":21,"26":21,"27":21,"28":21,"29":21,"30":21,"31":1,"32":21,"33":21,"34":21,"35":21,"36":21,"37":21,"38":21},"branchMap":{"0":{"type":"branch","line":8,"loc":{"start":{"line":8,"column":0},"end":{"line":10,"column":1}},"locations":[{"start":{"line":8,"column":0},"end":{"line":10,"column":1}}]},"1":{"type":"branch","line":11,"loc":{"start":{"line":11,"column":47},"end":{"line":39,"column":2}},"locations":[{"start":{"line":11,"column":47},"end":{"line":39,"column":2}}]},"2":{"type":"branch","line":17,"loc":{"start":{"line":17,"column":32},"end":{"line":21,"column":3}},"locations":[{"start":{"line":17,"column":32},"end":{"line":21,"column":3}}]},"3":{"type":"branch","line":24,"loc":{"start":{"line":24,"column":27},"end":{"line":26,"column":3}},"locations":[{"start":{"line":24,"column":27},"end":{"line":26,"column":3}}]},"4":{"type":"branch","line":29,"loc":{"start":{"line":29,"column":31},"end":{"line":33,"column":3}},"locations":[{"start":{"line":29,"column":31},"end":{"line":33,"column":3}}]},"5":{"type":"branch","line":30,"loc":{"start":{"line":30,"column":21},"end":{"line":30,"column":37}},"locations":[{"start":{"line":30,"column":21},"end":{"line":30,"column":37}}]},"6":{"type":"branch","line":30,"loc":{"start":{"line":30,"column":36},"end":{"line":31,"column":26}},"locations":[{"start":{"line":30,"column":36},"end":{"line":31,"column":26}}]},"7":{"type":"branch","line":31,"loc":{"start":{"line":31,"column":26},"end":{"line":33,"column":3}},"locations":[{"start":{"line":31,"column":26},"end":{"line":33,"column":3}}]},"8":{"type":"branch","line":36,"loc":{"start":{"line":36,"column":17},"end":{"line":36,"column":42}},"locations":[{"start":{"line":36,"column":17},"end":{"line":36,"column":42}}]},"9":{"type":"branch","line":36,"loc":{"start":{"line":36,"column":40},"end":{"line":36,"column":65}},"locations":[{"start":{"line":36,"column":40},"end":{"line":36,"column":65}}]},"10":{"type":"branch","line":36,"loc":{"start":{"line":36,"column":56},"end":{"line":36,"column":83}},"locations":[{"start":{"line":36,"column":56},"end":{"line":36,"column":83}}]},"11":{"type":"branch","line":36,"loc":{"start":{"line":36,"column":77},"end":{"line":36,"column":108}},"locations":[{"start":{"line":36,"column":77},"end":{"line":36,"column":108}}]},"12":{"type":"branch","line":36,"loc":{"start":{"line":36,"column":108},"end":{"line":37,"column":25}},"locations":[{"start":{"line":36,"column":108},"end":{"line":37,"column":25}}]},"13":{"type":"branch","line":39,"loc":{"start":{"line":39,"column":1},"end":{"line":39,"column":2}},"locations":[{"start":{"line":39,"column":1},"end":{"line":39,"column":2}}]}},"b":{"0":[21],"1":[21],"2":[21],"3":[21],"4":[21],"5":[19],"6":[2],"7":[1],"8":[21],"9":[21],"10":[22],"11":[21],"12":[21],"13":[21]},"fnMap":{"0":{"name":"attribufyButton","decl":{"start":{"line":8,"column":0},"end":{"line":10,"column":1}},"loc":{"start":{"line":8,"column":0},"end":{"line":10,"column":1}},"line":8},"1":{"name":"__vite_ssr_import_3__.$$component.location","decl":{"start":{"line":11,"column":47},"end":{"line":39,"column":2}},"loc":{"start":{"line":11,"column":47},"end":{"line":39,"column":2}},"line":11},"2":{"name":"__vite_ssr_import_6__.createMemo.name","decl":{"start":{"line":17,"column":32},"end":{"line":21,"column":3}},"loc":{"start":{"line":17,"column":32},"end":{"line":21,"column":3}},"line":17},"3":{"name":"__vite_ssr_import_6__.createMemo.name","decl":{"start":{"line":24,"column":27},"end":{"line":26,"column":3}},"loc":{"start":{"line":24,"column":27},"end":{"line":26,"column":3}},"line":24},"4":{"name":"__vite_ssr_import_6__.createMemo.name","decl":{"start":{"line":29,"column":31},"end":{"line":33,"column":3}},"loc":{"start":{"line":29,"column":31},"end":{"line":33,"column":3}},"line":29},"5":{"name":"get component","decl":{"start":{"line":36,"column":17},"end":{"line":36,"column":42}},"loc":{"start":{"line":36,"column":17},"end":{"line":36,"column":42}},"line":36},"6":{"name":"get style","decl":{"start":{"line":36,"column":40},"end":{"line":36,"column":65}},"loc":{"start":{"line":36,"column":40},"end":{"line":36,"column":65}},"line":36},"7":{"name":"__vite_ssr_import_1__.createComponent.__vite_ssr_import_2__.mergeProps","decl":{"start":{"line":36,"column":56},"end":{"line":36,"column":83}},"loc":{"start":{"line":36,"column":56},"end":{"line":36,"column":83}},"line":36},"8":{"name":"__vite_ssr_import_1__.createComponent.__vite_ssr_import_2__.mergeProps.children","decl":{"start":{"line":36,"column":77},"end":{"line":36,"column":108}},"loc":{"start":{"line":36,"column":77},"end":{"line":36,"column":108}},"line":36},"9":{"name":"get children","decl":{"start":{"line":36,"column":108},"end":{"line":37,"column":25}},"loc":{"start":{"line":36,"column":108},"end":{"line":37,"column":25}},"line":36},"10":{"name":"get","decl":{"start":{"line":39,"column":1},"end":{"line":39,"column":2}},"loc":{"start":{"line":39,"column":1},"end":{"line":39,"column":2}},"line":39}},"f":{"0":21,"1":21,"2":21,"3":21,"4":21,"5":21,"6":21,"7":22,"8":21,"9":21,"10":21}}
,"C:\\Users\\Horia\\Documents\\Work\\Personal\\solid.js\\color-ui\\src\\components\\CDialog\\CDialog.tsx": {"path":"C:\\Users\\Horia\\Documents\\Work\\Personal\\solid.js\\color-ui\\src\\components\\CDialog\\CDialog.tsx","all":false,"statementMap":{"0":{"start":{"line":1,"column":0},"end":{"line":1,"column":50}},"1":{"start":{"line":2,"column":0},"end":{"line":2,"column":38}},"2":{"start":{"line":3,"column":0},"end":{"line":3,"column":50}},"3":{"start":{"line":4,"column":0},"end":{"line":4,"column":33}},"4":{"start":{"line":5,"column":0},"end":{"line":5,"column":25}},"5":{"start":{"line":6,"column":0},"end":{"line":6,"column":40}},"6":{"start":{"line":7,"column":0},"end":{"line":7,"column":15}},"7":{"start":{"line":8,"column":0},"end":{"line":8,"column":11}},"8":{"start":{"line":9,"column":0},"end":{"line":9,"column":35}},"9":{"start":{"line":10,"column":0},"end":{"line":10,"column":79}},"10":{"start":{"line":11,"column":0},"end":{"line":11,"column":18}},"11":{"start":{"line":12,"column":0},"end":{"line":12,"column":8}},"12":{"start":{"line":13,"column":0},"end":{"line":13,"column":2}}},"s":{"0":1,"1":1,"2":1,"3":1,"4":1,"5":1,"6":1,"7":2,"8":2,"9":1,"10":2,"11":2,"12":2},"branchMap":{"0":{"type":"branch","line":7,"loc":{"start":{"line":7,"column":5},"end":{"line":13,"column":2}},"locations":[{"start":{"line":7,"column":5},"end":{"line":13,"column":2}}]},"1":{"type":"branch","line":8,"loc":{"start":{"line":8,"column":2},"end":{"line":11,"column":18}},"locations":[{"start":{"line":8,"column":2},"end":{"line":11,"column":18}}]},"2":{"type":"branch","line":8,"loc":{"start":{"line":8,"column":2},"end":{"line":9,"column":23}},"locations":[{"start":{"line":8,"column":2},"end":{"line":9,"column":23}}]},"3":{"type":"branch","line":9,"loc":{"start":{"line":9,"column":23},"end":{"line":10,"column":79}},"locations":[{"start":{"line":9,"column":23},"end":{"line":10,"column":79}}]},"4":{"type":"branch","line":9,"loc":{"start":{"line":9,"column":7},"end":{"line":10,"column":79}},"locations":[{"start":{"line":9,"column":7},"end":{"line":10,"column":79}}]},"5":{"type":"branch","line":9,"loc":{"start":{"line":9,"column":34},"end":{"line":10,"column":79}},"locations":[{"start":{"line":9,"column":34},"end":{"line":10,"column":79}}]},"6":{"type":"branch","line":10,"loc":{"start":{"line":10,"column":25},"end":{"line":10,"column":47}},"locations":[{"start":{"line":10,"column":25},"end":{"line":10,"column":47}}]},"7":{"type":"branch","line":10,"loc":{"start":{"line":10,"column":44},"end":{"line":10,"column":79}},"locations":[{"start":{"line":10,"column":44},"end":{"line":10,"column":79}}]},"8":{"type":"branch","line":13,"loc":{"start":{"line":13,"column":1},"end":{"line":13,"column":2}},"locations":[{"start":{"line":13,"column":1},"end":{"line":13,"column":2}}]}},"b":{"0":[2],"1":[2],"2":[2],"3":[2],"4":[1],"5":[1],"6":[1],"7":[1],"8":[2]},"fnMap":{"0":{"name":"__vite_ssr_import_3__.$$component.location","decl":{"start":{"line":7,"column":5},"end":{"line":13,"column":2}},"loc":{"start":{"line":7,"column":5},"end":{"line":13,"column":2}},"line":7},"1":{"name":"get children","decl":{"start":{"line":9,"column":34},"end":{"line":10,"column":79}},"loc":{"start":{"line":9,"column":34},"end":{"line":10,"column":79}},"line":9},"2":{"name":"get model","decl":{"start":{"line":10,"column":25},"end":{"line":10,"column":47}},"loc":{"start":{"line":10,"column":25},"end":{"line":10,"column":47}},"line":10},"3":{"name":"get children","decl":{"start":{"line":10,"column":44},"end":{"line":10,"column":79}},"loc":{"start":{"line":10,"column":44},"end":{"line":10,"column":79}},"line":10},"4":{"name":"get","decl":{"start":{"line":13,"column":1},"end":{"line":13,"column":2}},"loc":{"start":{"line":13,"column":1},"end":{"line":13,"column":2}},"line":13}},"f":{"0":2,"1":1,"2":1,"3":1,"4":2}}
,"C:\\Users\\Horia\\Documents\\Work\\Personal\\solid.js\\color-ui\\src\\components\\CDialog\\CDialogContent.tsx": {"path":"C:\\Users\\Horia\\Documents\\Work\\Personal\\solid.js\\color-ui\\src\\components\\CDialog\\CDialogContent.tsx","all":false,"statementMap":{"0":{"start":{"line":1,"column":0},"end":{"line":1,"column":59}},"1":{"start":{"line":2,"column":0},"end":{"line":2,"column":68}},"2":{"start":{"line":3,"column":0},"end":{"line":3,"column":34}},"3":{"start":{"line":4,"column":0},"end":{"line":4,"column":41}},"4":{"start":{"line":5,"column":0},"end":{"line":5,"column":348}},"5":{"start":{"line":6,"column":0},"end":{"line":6,"column":40}},"6":{"start":{"line":7,"column":0},"end":{"line":7,"column":25}},"7":{"start":{"line":8,"column":0},"end":{"line":8,"column":40}},"8":{"start":{"line":9,"column":0},"end":{"line":9,"column":15}},"9":{"start":{"line":10,"column":0},"end":{"line":10,"column":59}},"10":{"start":{"line":11,"column":0},"end":{"line":11,"column":9}},"11":{"start":{"line":12,"column":0},"end":{"line":12,"column":9}},"12":{"start":{"line":13,"column":0},"end":{"line":13,"column":46}},"13":{"start":{"line":14,"column":0},"end":{"line":14,"column":56}},"14":{"start":{"line":15,"column":0},"end":{"line":15,"column":23}},"15":{"start":{"line":16,"column":0},"end":{"line":16,"column":65}},"16":{"start":{"line":17,"column":0},"end":{"line":17,"column":27}},"17":{"start":{"line":18,"column":0},"end":{"line":18,"column":20}},"18":{"start":{"line":19,"column":0},"end":{"line":19,"column":39}},"19":{"start":{"line":20,"column":0},"end":{"line":20,"column":5}},"20":{"start":{"line":21,"column":0},"end":{"line":21,"column":82}},"21":{"start":{"line":22,"column":0},"end":{"line":22,"column":83}},"22":{"start":{"line":23,"column":0},"end":{"line":23,"column":22}},"23":{"start":{"line":24,"column":0},"end":{"line":24,"column":11}},"24":{"start":{"line":25,"column":0},"end":{"line":25,"column":2}}},"s":{"0":1,"1":1,"2":1,"3":1,"4":1,"5":1,"6":1,"7":1,"8":1,"9":3,"10":3,"11":3,"12":3,"13":3,"14":3,"15":3,"16":3,"17":1,"18":1,"19":3,"20":3,"21":3,"22":3,"23":3,"24":3},"branchMap":{"0":{"type":"branch","line":9,"loc":{"start":{"line":9,"column":5},"end":{"line":25,"column":2}},"locations":[{"start":{"line":9,"column":5},"end":{"line":25,"column":2}}]},"1":{"type":"branch","line":15,"loc":{"start":{"line":15,"column":10},"end":{"line":20,"column":3}},"locations":[{"start":{"line":15,"column":10},"end":{"line":20,"column":3}}]},"2":{"type":"branch","line":17,"loc":{"start":{"line":17,"column":20},"end":{"line":20,"column":3}},"locations":[{"start":{"line":17,"column":20},"end":{"line":20,"column":3}}]},"3":{"type":"branch","line":17,"loc":{"start":{"line":17,"column":20},"end":{"line":20,"column":3}},"locations":[{"start":{"line":17,"column":20},"end":{"line":20,"column":3}}]},"4":{"type":"branch","line":21,"loc":{"start":{"line":21,"column":2},"end":{"line":22,"column":83}},"locations":[{"start":{"line":21,"column":2},"end":{"line":22,"column":83}}]},"5":{"type":"branch","line":21,"loc":{"start":{"line":21,"column":28},"end":{"line":21,"column":69}},"locations":[{"start":{"line":21,"column":28},"end":{"line":21,"column":69}}]},"6":{"type":"branch","line":21,"loc":{"start":{"line":21,"column":28},"end":{"line":23,"column":21}},"locations":[{"start":{"line":21,"column":28},"end":{"line":23,"column":21}}]},"7":{"type":"branch","line":22,"loc":{"start":{"line":22,"column":64},"end":{"line":22,"column":69}},"locations":[{"start":{"line":22,"column":64},"end":{"line":22,"column":69}}]},"8":{"type":"branch","line":22,"loc":{"start":{"line":22,"column":69},"end":{"line":22,"column":81}},"locations":[{"start":{"line":22,"column":69},"end":{"line":22,"column":81}}]},"9":{"type":"branch","line":22,"loc":{"start":{"line":22,"column":81},"end":{"line":22,"column":83}},"locations":[{"start":{"line":22,"column":81},"end":{"line":22,"column":83}}]},"10":{"type":"branch","line":25,"loc":{"start":{"line":25,"column":1},"end":{"line":25,"column":2}},"locations":[{"start":{"line":25,"column":1},"end":{"line":25,"column":2}}]}},"b":{"0":[3],"1":[3],"2":[2],"3":[1],"4":[3],"5":[0],"6":[3],"7":[3],"8":[3],"9":[3],"10":[3]},"fnMap":{"0":{"name":"__vite_ssr_import_7__.$$component.location","decl":{"start":{"line":9,"column":5},"end":{"line":25,"column":2}},"loc":{"start":{"line":9,"column":5},"end":{"line":25,"column":2}},"line":9},"1":{"name":"get","decl":{"start":{"line":25,"column":1},"end":{"line":25,"column":2}},"loc":{"start":{"line":25,"column":1},"end":{"line":25,"column":2}},"line":25}},"f":{"0":3,"1":3}}
,"C:\\Users\\Horia\\Documents\\Work\\Personal\\solid.js\\color-ui\\src\\components\\CIcon\\CIcon.tsx": {"path":"C:\\Users\\Horia\\Documents\\Work\\Personal\\solid.js\\color-ui\\src\\components\\CIcon\\CIcon.tsx","all":false,"statementMap":{"0":{"start":{"line":1,"column":0},"end":{"line":1,"column":42}},"1":{"start":{"line":2,"column":0},"end":{"line":2,"column":37}},"2":{"start":{"line":3,"column":0},"end":{"line":3,"column":39}},"3":{"start":{"line":4,"column":0},"end":{"line":4,"column":31}},"4":{"start":{"line":5,"column":0},"end":{"line":5,"column":19}},"5":{"start":{"line":6,"column":0},"end":{"line":6,"column":37}},"6":{"start":{"line":7,"column":0},"end":{"line":7,"column":48}},"7":{"start":{"line":8,"column":0},"end":{"line":8,"column":58}},"8":{"start":{"line":9,"column":0},"end":{"line":9,"column":33}},"9":{"start":{"line":10,"column":0},"end":{"line":10,"column":13}},"10":{"start":{"line":11,"column":0},"end":{"line":11,"column":46}},"11":{"start":{"line":12,"column":0},"end":{"line":12,"column":8}},"12":{"start":{"line":13,"column":0},"end":{"line":13,"column":2}}},"s":{"0":1,"1":1,"2":1,"3":1,"4":1,"5":1,"6":2,"7":2,"8":2,"9":2,"10":2,"11":2,"12":2},"branchMap":{"0":{"type":"branch","line":6,"loc":{"start":{"line":6,"column":27},"end":{"line":13,"column":2}},"locations":[{"start":{"line":6,"column":27},"end":{"line":13,"column":2}}]},"1":{"type":"branch","line":8,"loc":{"start":{"line":8,"column":17},"end":{"line":8,"column":57}},"locations":[{"start":{"line":8,"column":17},"end":{"line":8,"column":57}}]},"2":{"type":"branch","line":8,"loc":{"start":{"line":8,"column":51},"end":{"line":12,"column":8}},"locations":[{"start":{"line":8,"column":51},"end":{"line":12,"column":8}}]},"3":{"type":"branch","line":13,"loc":{"start":{"line":13,"column":1},"end":{"line":13,"column":2}},"locations":[{"start":{"line":13,"column":1},"end":{"line":13,"column":2}}]}},"b":{"0":[2],"1":[2],"2":[2],"3":[2]},"fnMap":{"0":{"name":"__vite_ssr_import_3__.$$component.location","decl":{"start":{"line":6,"column":27},"end":{"line":13,"column":2}},"loc":{"start":{"line":6,"column":27},"end":{"line":13,"column":2}},"line":6},"1":{"name":"get component","decl":{"start":{"line":8,"column":17},"end":{"line":8,"column":57}},"loc":{"start":{"line":8,"column":17},"end":{"line":8,"column":57}},"line":8},"2":{"name":"get","decl":{"start":{"line":13,"column":1},"end":{"line":13,"column":2}},"loc":{"start":{"line":13,"column":1},"end":{"line":13,"column":2}},"line":13}},"f":{"0":2,"1":2,"2":2}}
,"C:\\Users\\Horia\\Documents\\Work\\Personal\\solid.js\\color-ui\\src\\components\\CProvider\\CProvider.tsx": {"path":"C:\\Users\\Horia\\Documents\\Work\\Personal\\solid.js\\color-ui\\src\\components\\CProvider\\CProvider.tsx","all":false,"statementMap":{"0":{"start":{"line":1,"column":0},"end":{"line":1,"column":77}},"1":{"start":{"line":2,"column":0},"end":{"line":2,"column":72}},"2":{"start":{"line":3,"column":0},"end":{"line":3,"column":65}},"3":{"start":{"line":4,"column":0},"end":{"line":4,"column":42}},"4":{"start":{"line":5,"column":0},"end":{"line":5,"column":42}},"5":{"start":{"line":6,"column":0},"end":{"line":6,"column":43}},"6":{"start":{"line":7,"column":0},"end":{"line":7,"column":35}},"7":{"start":{"line":8,"column":0},"end":{"line":8,"column":41}},"8":{"start":{"line":9,"column":0},"end":{"line":9,"column":25}},"9":{"start":{"line":10,"column":0},"end":{"line":10,"column":74}},"10":{"start":{"line":11,"column":0},"end":{"line":11,"column":25}},"11":{"start":{"line":12,"column":0},"end":{"line":12,"column":29}},"12":{"start":{"line":13,"column":0},"end":{"line":13,"column":51}},"13":{"start":{"line":14,"column":0},"end":{"line":14,"column":103}},"14":{"start":{"line":15,"column":0},"end":{"line":15,"column":23}},"15":{"start":{"line":16,"column":0},"end":{"line":16,"column":5}},"16":{"start":{"line":17,"column":0},"end":{"line":17,"column":17}},"17":{"start":{"line":18,"column":0},"end":{"line":18,"column":90}},"18":{"start":{"line":19,"column":0},"end":{"line":19,"column":24}},"19":{"start":{"line":20,"column":0},"end":{"line":20,"column":53}},"20":{"start":{"line":21,"column":0},"end":{"line":21,"column":41}},"21":{"start":{"line":22,"column":0},"end":{"line":22,"column":46}},"22":{"start":{"line":23,"column":0},"end":{"line":23,"column":5}},"23":{"start":{"line":24,"column":0},"end":{"line":24,"column":43}},"24":{"start":{"line":25,"column":0},"end":{"line":25,"column":5}},"25":{"start":{"line":26,"column":0},"end":{"line":26,"column":22}},"26":{"start":{"line":27,"column":0},"end":{"line":27,"column":23}},"27":{"start":{"line":28,"column":0},"end":{"line":28,"column":45}},"28":{"start":{"line":29,"column":0},"end":{"line":29,"column":5}},"29":{"start":{"line":30,"column":0},"end":{"line":30,"column":5}},"30":{"start":{"line":31,"column":0},"end":{"line":31,"column":125}},"31":{"start":{"line":32,"column":0},"end":{"line":32,"column":22}},"32":{"start":{"line":33,"column":0},"end":{"line":33,"column":11}},"33":{"start":{"line":34,"column":0},"end":{"line":34,"column":2}}},"s":{"0":1,"1":1,"2":1,"3":1,"4":1,"5":1,"6":1,"7":1,"8":1,"9":1,"10":4,"11":4,"12":4,"13":4,"14":4,"15":4,"16":4,"17":4,"18":4,"19":1,"20":1,"21":1,"22":1,"23":4,"24":4,"25":4,"26":4,"27":4,"28":4,"29":4,"30":4,"31":4,"32":4,"33":4},"branchMap":{"0":{"type":"branch","line":10,"loc":{"start":{"line":10,"column":64},"end":{"line":34,"column":2}},"locations":[{"start":{"line":10,"column":64},"end":{"line":34,"column":2}}]},"1":{"type":"branch","line":14,"loc":{"start":{"line":14,"column":33},"end":{"line":14,"column":89}},"locations":[{"start":{"line":14,"column":33},"end":{"line":14,"column":89}}]},"2":{"type":"branch","line":17,"loc":{"start":{"line":17,"column":10},"end":{"line":25,"column":3}},"locations":[{"start":{"line":17,"column":10},"end":{"line":25,"column":3}}]},"3":{"type":"branch","line":19,"loc":{"start":{"line":19,"column":23},"end":{"line":23,"column":5}},"locations":[{"start":{"line":19,"column":23},"end":{"line":23,"column":5}}]},"4":{"type":"branch","line":26,"loc":{"start":{"line":26,"column":15},"end":{"line":30,"column":3}},"locations":[{"start":{"line":26,"column":15},"end":{"line":30,"column":3}}]},"5":{"type":"branch","line":31,"loc":{"start":{"line":31,"column":2},"end":{"line":32,"column":22}},"locations":[{"start":{"line":31,"column":2},"end":{"line":32,"column":22}}]},"6":{"type":"branch","line":31,"loc":{"start":{"line":31,"column":2},"end":{"line":31,"column":90}},"locations":[{"start":{"line":31,"column":2},"end":{"line":31,"column":90}}]},"7":{"type":"branch","line":31,"loc":{"start":{"line":31,"column":76},"end":{"line":31,"column":83}},"locations":[{"start":{"line":31,"column":76},"end":{"line":31,"column":83}}]},"8":{"type":"branch","line":31,"loc":{"start":{"line":31,"column":84},"end":{"line":31,"column":123}},"locations":[{"start":{"line":31,"column":84},"end":{"line":31,"column":123}}]},"9":{"type":"branch","line":31,"loc":{"start":{"line":31,"column":123},"end":{"line":32,"column":21}},"locations":[{"start":{"line":31,"column":123},"end":{"line":32,"column":21}}]},"10":{"type":"branch","line":34,"loc":{"start":{"line":34,"column":1},"end":{"line":34,"column":2}},"locations":[{"start":{"line":34,"column":1},"end":{"line":34,"column":2}}]}},"b":{"0":[4],"1":[4],"2":[4],"3":[1],"4":[4],"5":[4],"6":[4],"7":[3],"8":[4],"9":[4],"10":[4]},"fnMap":{"0":{"name":"__vite_ssr_import_5__.$$component.location","decl":{"start":{"line":10,"column":64},"end":{"line":34,"column":2}},"loc":{"start":{"line":10,"column":64},"end":{"line":34,"column":2}},"line":10},"1":{"name":"__vite_ssr_import_8__.createMemo.name","decl":{"start":{"line":14,"column":33},"end":{"line":14,"column":89}},"loc":{"start":{"line":14,"column":33},"end":{"line":14,"column":89}},"line":14},"2":{"name":"__vite_ssr_import_3__.spread.__vite_ssr_import_4__.mergeProps","decl":{"start":{"line":31,"column":2},"end":{"line":31,"column":90}},"loc":{"start":{"line":31,"column":2},"end":{"line":31,"column":90}},"line":31},"3":{"name":"get","decl":{"start":{"line":34,"column":1},"end":{"line":34,"column":2}},"loc":{"start":{"line":34,"column":1},"end":{"line":34,"column":2}},"line":34}},"f":{"0":4,"1":4,"2":4,"3":4}}
,"C:\\Users\\Horia\\Documents\\Work\\Personal\\solid.js\\color-ui\\src\\composables\\use-dialog-content\\index.ts": {"path":"C:\\Users\\Horia\\Documents\\Work\\Personal\\solid.js\\color-ui\\src\\composables\\use-dialog-content\\index.ts","all":false,"statementMap":{"0":{"start":{"line":1,"column":0},"end":{"line":1,"column":98}},"1":{"start":{"line":2,"column":0},"end":{"line":2,"column":34}},"2":{"start":{"line":3,"column":0},"end":{"line":3,"column":44}},"3":{"start":{"line":4,"column":0},"end":{"line":4,"column":13}},"4":{"start":{"line":5,"column":0},"end":{"line":5,"column":37}},"5":{"start":{"line":6,"column":0},"end":{"line":6,"column":10}},"6":{"start":{"line":7,"column":0},"end":{"line":7,"column":17}},"7":{"start":{"line":8,"column":0},"end":{"line":8,"column":3}},"8":{"start":{"line":9,"column":0},"end":{"line":9,"column":30}},"9":{"start":{"line":10,"column":0},"end":{"line":10,"column":17}},"10":{"start":{"line":11,"column":0},"end":{"line":11,"column":1}},"11":{"start":{"line":12,"column":0},"end":{"line":12,"column":71}},"12":{"start":{"line":13,"column":0},"end":{"line":13,"column":22}},"13":{"start":{"line":14,"column":0},"end":{"line":14,"column":26}},"14":{"start":{"line":15,"column":0},"end":{"line":15,"column":28}},"15":{"start":{"line":16,"column":0},"end":{"line":16,"column":7}},"16":{"start":{"line":17,"column":0},"end":{"line":17,"column":3}},"17":{"start":{"line":18,"column":0},"end":{"line":18,"column":1}},"18":{"start":{"line":19,"column":0},"end":{"line":19,"column":0}},"19":{"start":{"line":20,"column":0},"end":{"line":20,"column":3}},"20":{"start":{"line":21,"column":0},"end":{"line":21,"column":58}},"21":{"start":{"line":22,"column":0},"end":{"line":22,"column":3}},"22":{"start":{"line":23,"column":0},"end":{"line":23,"column":49}},"23":{"start":{"line":24,"column":0},"end":{"line":24,"column":55}},"24":{"start":{"line":25,"column":0},"end":{"line":25,"column":38}},"25":{"start":{"line":26,"column":0},"end":{"line":26,"column":53}},"26":{"start":{"line":27,"column":0},"end":{"line":27,"column":44}},"27":{"start":{"line":28,"column":0},"end":{"line":28,"column":21}},"28":{"start":{"line":29,"column":0},"end":{"line":29,"column":27}},"29":{"start":{"line":30,"column":0},"end":{"line":30,"column":3}},"30":{"start":{"line":31,"column":0},"end":{"line":31,"column":1}},"31":{"start":{"line":32,"column":0},"end":{"line":32,"column":36}},"32":{"start":{"line":33,"column":0},"end":{"line":33,"column":29}},"33":{"start":{"line":34,"column":0},"end":{"line":34,"column":63}},"34":{"start":{"line":35,"column":0},"end":{"line":35,"column":10}},"35":{"start":{"line":36,"column":0},"end":{"line":36,"column":64}},"36":{"start":{"line":37,"column":0},"end":{"line":37,"column":3}},"37":{"start":{"line":38,"column":0},"end":{"line":38,"column":1}},"38":{"start":{"line":39,"column":0},"end":{"line":39,"column":0}},"39":{"start":{"line":40,"column":0},"end":{"line":40,"column":3}},"40":{"start":{"line":41,"column":0},"end":{"line":41,"column":37}},"41":{"start":{"line":42,"column":0},"end":{"line":42,"column":3}},"42":{"start":{"line":43,"column":0},"end":{"line":43,"column":40}},"43":{"start":{"line":44,"column":0},"end":{"line":44,"column":104}},"44":{"start":{"line":45,"column":0},"end":{"line":45,"column":33}},"45":{"start":{"line":46,"column":0},"end":{"line":46,"column":0}},"46":{"start":{"line":47,"column":0},"end":{"line":47,"column":34}},"47":{"start":{"line":48,"column":0},"end":{"line":48,"column":17}},"48":{"start":{"line":49,"column":0},"end":{"line":49,"column":50}},"49":{"start":{"line":50,"column":0},"end":{"line":50,"column":5}},"50":{"start":{"line":51,"column":0},"end":{"line":51,"column":109}},"51":{"start":{"line":52,"column":0},"end":{"line":52,"column":19}},"52":{"start":{"line":53,"column":0},"end":{"line":53,"column":53}},"53":{"start":{"line":54,"column":0},"end":{"line":54,"column":5}},"54":{"start":{"line":55,"column":0},"end":{"line":55,"column":1}},"55":{"start":{"line":56,"column":0},"end":{"line":56,"column":83}},"56":{"start":{"line":57,"column":0},"end":{"line":57,"column":57}},"57":{"start":{"line":58,"column":0},"end":{"line":58,"column":29}},"58":{"start":{"line":59,"column":0},"end":{"line":59,"column":7}},"59":{"start":{"line":60,"column":0},"end":{"line":60,"column":17}},"60":{"start":{"line":61,"column":0},"end":{"line":61,"column":6}},"61":{"start":{"line":62,"column":0},"end":{"line":62,"column":1}},"62":{"start":{"line":63,"column":0},"end":{"line":63,"column":52}},"63":{"start":{"line":64,"column":0},"end":{"line":64,"column":60}},"64":{"start":{"line":65,"column":0},"end":{"line":65,"column":22}},"65":{"start":{"line":66,"column":0},"end":{"line":66,"column":42}},"66":{"start":{"line":67,"column":0},"end":{"line":67,"column":59}},"67":{"start":{"line":68,"column":0},"end":{"line":68,"column":1}},"68":{"start":{"line":69,"column":0},"end":{"line":69,"column":0}},"69":{"start":{"line":70,"column":0},"end":{"line":70,"column":3}},"70":{"start":{"line":71,"column":0},"end":{"line":71,"column":73}},"71":{"start":{"line":72,"column":0},"end":{"line":72,"column":3}},"72":{"start":{"line":73,"column":0},"end":{"line":73,"column":78}},"73":{"start":{"line":74,"column":0},"end":{"line":74,"column":17}},"74":{"start":{"line":75,"column":0},"end":{"line":75,"column":110}},"75":{"start":{"line":76,"column":0},"end":{"line":76,"column":73}},"76":{"start":{"line":77,"column":0},"end":{"line":77,"column":41}},"77":{"start":{"line":78,"column":0},"end":{"line":78,"column":5}},"78":{"start":{"line":79,"column":0},"end":{"line":79,"column":19}},"79":{"start":{"line":80,"column":0},"end":{"line":80,"column":31}},"80":{"start":{"line":81,"column":0},"end":{"line":81,"column":5}},"81":{"start":{"line":82,"column":0},"end":{"line":82,"column":42}},"82":{"start":{"line":83,"column":0},"end":{"line":83,"column":54}},"83":{"start":{"line":84,"column":0},"end":{"line":84,"column":22}},"84":{"start":{"line":85,"column":0},"end":{"line":85,"column":5}},"85":{"start":{"line":86,"column":0},"end":{"line":86,"column":6}},"86":{"start":{"line":87,"column":0},"end":{"line":87,"column":0}},"87":{"start":{"line":88,"column":0},"end":{"line":88,"column":78}},"88":{"start":{"line":89,"column":0},"end":{"line":89,"column":34}},"89":{"start":{"line":90,"column":0},"end":{"line":90,"column":80}},"90":{"start":{"line":91,"column":0},"end":{"line":91,"column":17}},"91":{"start":{"line":92,"column":0},"end":{"line":92,"column":17}},"92":{"start":{"line":93,"column":0},"end":{"line":93,"column":5}},"93":{"start":{"line":94,"column":0},"end":{"line":94,"column":10}},"94":{"start":{"line":95,"column":0},"end":{"line":95,"column":9}},"95":{"start":{"line":96,"column":0},"end":{"line":96,"column":4}},"96":{"start":{"line":97,"column":0},"end":{"line":97,"column":1}}},"s":{"0":1,"1":1,"2":1,"3":1,"4":1,"5":1,"6":1,"7":1,"8":1,"9":6,"10":6,"11":1,"12":8,"13":7,"14":2,"15":7,"16":7,"17":1,"18":1,"19":1,"20":1,"21":1,"22":1,"23":2,"24":2,"25":2,"26":2,"27":2,"28":2,"29":2,"30":2,"31":1,"32":6,"33":1,"34":5,"35":5,"36":5,"37":2,"38":1,"39":1,"40":1,"41":1,"42":1,"43":4,"44":4,"45":4,"46":4,"47":4,"48":4,"49":4,"50":4,"51":4,"52":4,"53":4,"54":4,"55":1,"56":9,"57":7,"58":7,"59":7,"60":7,"61":2,"62":1,"63":6,"64":6,"65":5,"66":5,"67":3,"68":1,"69":1,"70":1,"71":1,"72":1,"73":7,"74":7,"75":7,"76":7,"77":7,"78":7,"79":3,"80":7,"81":7,"82":30,"83":14,"84":14,"85":7,"86":7,"87":7,"88":7,"89":33,"90":7,"91":7,"92":7,"93":7,"94":7,"95":7,"96":7},"branchMap":{"0":{"type":"branch","line":9,"loc":{"start":{"line":9,"column":7},"end":{"line":11,"column":1}},"locations":[{"start":{"line":9,"column":7},"end":{"line":11,"column":1}}]},"1":{"type":"branch","line":11,"loc":{"start":{"line":11,"column":0},"end":{"line":11,"column":1}},"locations":[{"start":{"line":11,"column":0},"end":{"line":11,"column":1}}]},"2":{"type":"branch","line":12,"loc":{"start":{"line":12,"column":7},"end":{"line":18,"column":1}},"locations":[{"start":{"line":12,"column":7},"end":{"line":18,"column":1}}]},"3":{"type":"branch","line":13,"loc":{"start":{"line":13,"column":21},"end":{"line":17,"column":3}},"locations":[{"start":{"line":13,"column":21},"end":{"line":17,"column":3}}]},"4":{"type":"branch","line":14,"loc":{"start":{"line":14,"column":19},"end":{"line":16,"column":5}},"locations":[{"start":{"line":14,"column":19},"end":{"line":16,"column":5}}]},"5":{"type":"branch","line":18,"loc":{"start":{"line":18,"column":0},"end":{"line":18,"column":1}},"locations":[{"start":{"line":18,"column":0},"end":{"line":18,"column":1}}]},"6":{"type":"branch","line":23,"loc":{"start":{"line":23,"column":7},"end":{"line":31,"column":1}},"locations":[{"start":{"line":23,"column":7},"end":{"line":31,"column":1}}]},"7":{"type":"branch","line":31,"loc":{"start":{"line":31,"column":0},"end":{"line":31,"column":1}},"locations":[{"start":{"line":31,"column":0},"end":{"line":31,"column":1}}]},"8":{"type":"branch","line":32,"loc":{"start":{"line":32,"column":7},"end":{"line":38,"column":1}},"locations":[{"start":{"line":32,"column":7},"end":{"line":38,"column":1}}]},"9":{"type":"branch","line":33,"loc":{"start":{"line":33,"column":28},"end":{"line":37,"column":3}},"locations":[{"start":{"line":33,"column":28},"end":{"line":37,"column":3}}]},"10":{"type":"branch","line":33,"loc":{"start":{"line":33,"column":28},"end":{"line":35,"column":9}},"locations":[{"start":{"line":33,"column":28},"end":{"line":35,"column":9}}]},"11":{"type":"branch","line":38,"loc":{"start":{"line":38,"column":0},"end":{"line":38,"column":1}},"locations":[{"start":{"line":38,"column":0},"end":{"line":38,"column":1}}]},"12":{"type":"branch","line":43,"loc":{"start":{"line":43,"column":7},"end":{"line":55,"column":1}},"locations":[{"start":{"line":43,"column":7},"end":{"line":55,"column":1}}]},"13":{"type":"branch","line":48,"loc":{"start":{"line":48,"column":10},"end":{"line":50,"column":3}},"locations":[{"start":{"line":48,"column":10},"end":{"line":50,"column":3}}]},"14":{"type":"branch","line":52,"loc":{"start":{"line":52,"column":12},"end":{"line":54,"column":3}},"locations":[{"start":{"line":52,"column":12},"end":{"line":54,"column":3}}]},"15":{"type":"branch","line":55,"loc":{"start":{"line":55,"column":0},"end":{"line":55,"column":1}},"locations":[{"start":{"line":55,"column":0},"end":{"line":55,"column":1}}]},"16":{"type":"branch","line":56,"loc":{"start":{"line":56,"column":7},"end":{"line":62,"column":1}},"locations":[{"start":{"line":56,"column":7},"end":{"line":62,"column":1}}]},"17":{"type":"branch","line":57,"loc":{"start":{"line":57,"column":50},"end":{"line":57,"column":57}},"locations":[{"start":{"line":57,"column":50},"end":{"line":57,"column":57}}]},"18":{"type":"branch","line":57,"loc":{"start":{"line":57,"column":50},"end":{"line":62,"column":1}},"locations":[{"start":{"line":57,"column":50},"end":{"line":62,"column":1}}]},"19":{"type":"branch","line":57,"loc":{"start":{"line":57,"column":21},"end":{"line":57,"column":47}},"locations":[{"start":{"line":57,"column":21},"end":{"line":57,"column":47}}]},"20":{"type":"branch","line":62,"loc":{"start":{"line":62,"column":0},"end":{"line":62,"column":1}},"locations":[{"start":{"line":62,"column":0},"end":{"line":62,"column":1}}]},"21":{"type":"branch","line":63,"loc":{"start":{"line":63,"column":7},"end":{"line":68,"column":1}},"locations":[{"start":{"line":63,"column":7},"end":{"line":68,"column":1}}]},"22":{"type":"branch","line":65,"loc":{"start":{"line":65,"column":15},"end":{"line":65,"column":22}},"locations":[{"start":{"line":65,"column":15},"end":{"line":65,"column":22}}]},"23":{"type":"branch","line":65,"loc":{"start":{"line":65,"column":15},"end":{"line":68,"column":1}},"locations":[{"start":{"line":65,"column":15},"end":{"line":68,"column":1}}]},"24":{"type":"branch","line":64,"loc":{"start":{"line":64,"column":32},"end":{"line":64,"column":58}},"locations":[{"start":{"line":64,"column":32},"end":{"line":64,"column":58}}]},"25":{"type":"branch","line":67,"loc":{"start":{"line":67,"column":30},"end":{"line":67,"column":56}},"locations":[{"start":{"line":67,"column":30},"end":{"line":67,"column":56}}]},"26":{"type":"branch","line":68,"loc":{"start":{"line":68,"column":0},"end":{"line":68,"column":1}},"locations":[{"start":{"line":68,"column":0},"end":{"line":68,"column":1}}]},"27":{"type":"branch","line":73,"loc":{"start":{"line":73,"column":7},"end":{"line":97,"column":1}},"locations":[{"start":{"line":73,"column":7},"end":{"line":97,"column":1}}]},"28":{"type":"branch","line":74,"loc":{"start":{"line":74,"column":10},"end":{"line":78,"column":3}},"locations":[{"start":{"line":74,"column":10},"end":{"line":78,"column":3}}]},"29":{"type":"branch","line":79,"loc":{"start":{"line":79,"column":12},"end":{"line":81,"column":3}},"locations":[{"start":{"line":79,"column":12},"end":{"line":81,"column":3}}]},"30":{"type":"branch","line":82,"loc":{"start":{"line":82,"column":18},"end":{"line":82,"column":35}},"locations":[{"start":{"line":82,"column":18},"end":{"line":82,"column":35}}]},"31":{"type":"branch","line":82,"loc":{"start":{"line":82,"column":35},"end":{"line":86,"column":3}},"locations":[{"start":{"line":82,"column":35},"end":{"line":86,"column":3}}]},"32":{"type":"branch","line":83,"loc":{"start":{"line":83,"column":53},"end":{"line":85,"column":5}},"locations":[{"start":{"line":83,"column":53},"end":{"line":85,"column":5}}]},"33":{"type":"branch","line":83,"loc":{"start":{"line":83,"column":24},"end":{"line":83,"column":50}},"locations":[{"start":{"line":83,"column":24},"end":{"line":83,"column":50}}]},"34":{"type":"branch","line":89,"loc":{"start":{"line":89,"column":27},"end":{"line":91,"column":5}},"locations":[{"start":{"line":89,"column":27},"end":{"line":91,"column":5}}]},"35":{"type":"branch","line":90,"loc":{"start":{"line":90,"column":32},"end":{"line":90,"column":80}},"locations":[{"start":{"line":90,"column":32},"end":{"line":90,"column":80}}]},"36":{"type":"branch","line":97,"loc":{"start":{"line":97,"column":0},"end":{"line":97,"column":1}},"locations":[{"start":{"line":97,"column":0},"end":{"line":97,"column":1}}]}},"b":{"0":[6],"1":[6],"2":[8],"3":[7],"4":[2],"5":[1],"6":[2],"7":[2],"8":[6],"9":[5],"10":[1],"11":[2],"12":[4],"13":[4],"14":[4],"15":[4],"16":[9],"17":[2],"18":[7],"19":[3],"20":[2],"21":[6],"22":[1],"23":[5],"24":[5],"25":[5],"26":[3],"27":[7],"28":[7],"29":[3],"30":[30],"31":[30],"32":[14],"33":[20],"34":[33],"35":[19],"36":[7]},"fnMap":{"0":{"name":"useDialogs","decl":{"start":{"line":9,"column":7},"end":{"line":11,"column":1}},"loc":{"start":{"line":9,"column":7},"end":{"line":11,"column":1}},"line":9},"1":{"name":"get","decl":{"start":{"line":11,"column":0},"end":{"line":11,"column":1}},"loc":{"start":{"line":11,"column":0},"end":{"line":11,"column":1}},"line":11},"2":{"name":"handleFocusReturn","decl":{"start":{"line":12,"column":7},"end":{"line":18,"column":1}},"loc":{"start":{"line":12,"column":7},"end":{"line":18,"column":1}},"line":12},"3":{"name":"get","decl":{"start":{"line":18,"column":0},"end":{"line":18,"column":1}},"loc":{"start":{"line":18,"column":0},"end":{"line":18,"column":1}},"line":18},"4":{"name":"onKeydown","decl":{"start":{"line":23,"column":7},"end":{"line":31,"column":1}},"loc":{"start":{"line":23,"column":7},"end":{"line":31,"column":1}},"line":23},"5":{"name":"get","decl":{"start":{"line":31,"column":0},"end":{"line":31,"column":1}},"loc":{"start":{"line":31,"column":0},"end":{"line":31,"column":1}},"line":31},"6":{"name":"setProviderInert","decl":{"start":{"line":32,"column":7},"end":{"line":38,"column":1}},"loc":{"start":{"line":32,"column":7},"end":{"line":38,"column":1}},"line":32},"7":{"name":"get","decl":{"start":{"line":38,"column":0},"end":{"line":38,"column":1}},"loc":{"start":{"line":38,"column":0},"end":{"line":38,"column":1}},"line":38},"8":{"name":"registerDialogEvents","decl":{"start":{"line":43,"column":7},"end":{"line":55,"column":1}},"loc":{"start":{"line":43,"column":7},"end":{"line":55,"column":1}},"line":43},"9":{"name":"get","decl":{"start":{"line":55,"column":0},"end":{"line":55,"column":1}},"loc":{"start":{"line":55,"column":0},"end":{"line":55,"column":1}},"line":55},"10":{"name":"addToDialogsStack","decl":{"start":{"line":56,"column":7},"end":{"line":62,"column":1}},"loc":{"start":{"line":56,"column":7},"end":{"line":62,"column":1}},"line":56},"11":{"name":"get","decl":{"start":{"line":62,"column":0},"end":{"line":62,"column":1}},"loc":{"start":{"line":62,"column":0},"end":{"line":62,"column":1}},"line":62},"12":{"name":"removeFromDialogsStack","decl":{"start":{"line":63,"column":7},"end":{"line":68,"column":1}},"loc":{"start":{"line":63,"column":7},"end":{"line":68,"column":1}},"line":63},"13":{"name":"get","decl":{"start":{"line":68,"column":0},"end":{"line":68,"column":1}},"loc":{"start":{"line":68,"column":0},"end":{"line":68,"column":1}},"line":68},"14":{"name":"useDialogContent","decl":{"start":{"line":73,"column":7},"end":{"line":97,"column":1}},"loc":{"start":{"line":73,"column":7},"end":{"line":97,"column":1}},"line":73},"15":{"name":"__vite_ssr_import_0__.createMemo.name","decl":{"start":{"line":89,"column":27},"end":{"line":91,"column":5}},"loc":{"start":{"line":89,"column":27},"end":{"line":91,"column":5}},"line":89},"16":{"name":"get","decl":{"start":{"line":97,"column":0},"end":{"line":97,"column":1}},"loc":{"start":{"line":97,"column":0},"end":{"line":97,"column":1}},"line":97}},"f":{"0":6,"1":6,"2":8,"3":1,"4":2,"5":2,"6":6,"7":2,"8":4,"9":4,"10":9,"11":2,"12":6,"13":3,"14":7,"15":33,"16":7}}
,"C:\\Users\\Horia\\Documents\\Work\\Personal\\solid.js\\color-ui\\src\\core\\color-generator\\index.ts": {"path":"C:\\Users\\Horia\\Documents\\Work\\Personal\\solid.js\\color-ui\\src\\core\\color-generator\\index.ts","all":false,"statementMap":{"0":{"start":{"line":1,"column":0},"end":{"line":1,"column":47}},"1":{"start":{"line":2,"column":0},"end":{"line":2,"column":56}},"2":{"start":{"line":3,"column":0},"end":{"line":3,"column":0}},"3":{"start":{"line":4,"column":0},"end":{"line":4,"column":3}},"4":{"start":{"line":5,"column":0},"end":{"line":5,"column":27}},"5":{"start":{"line":6,"column":0},"end":{"line":6,"column":3}},"6":{"start":{"line":7,"column":0},"end":{"line":7,"column":46}},"7":{"start":{"line":8,"column":0},"end":{"line":8,"column":32}},"8":{"start":{"line":9,"column":0},"end":{"line":9,"column":44}},"9":{"start":{"line":10,"column":0},"end":{"line":10,"column":3}},"10":{"start":{"line":11,"column":0},"end":{"line":11,"column":48}},"11":{"start":{"line":12,"column":0},"end":{"line":12,"column":25}},"12":{"start":{"line":13,"column":0},"end":{"line":13,"column":53}},"13":{"start":{"line":14,"column":0},"end":{"line":14,"column":3}},"14":{"start":{"line":15,"column":0},"end":{"line":15,"column":26}},"15":{"start":{"line":16,"column":0},"end":{"line":16,"column":26}},"16":{"start":{"line":17,"column":0},"end":{"line":17,"column":26}},"17":{"start":{"line":18,"column":0},"end":{"line":18,"column":31}},"18":{"start":{"line":19,"column":0},"end":{"line":19,"column":31}},"19":{"start":{"line":20,"column":0},"end":{"line":20,"column":31}},"20":{"start":{"line":21,"column":0},"end":{"line":21,"column":10}},"21":{"start":{"line":22,"column":0},"end":{"line":22,"column":12}},"22":{"start":{"line":23,"column":0},"end":{"line":23,"column":12}},"23":{"start":{"line":24,"column":0},"end":{"line":24,"column":11}},"24":{"start":{"line":25,"column":0},"end":{"line":25,"column":4}},"25":{"start":{"line":26,"column":0},"end":{"line":26,"column":1}},"26":{"start":{"line":27,"column":0},"end":{"line":27,"column":67}},"27":{"start":{"line":28,"column":0},"end":{"line":28,"column":9}},"28":{"start":{"line":29,"column":0},"end":{"line":29,"column":6}},"29":{"start":{"line":30,"column":0},"end":{"line":30,"column":6}},"30":{"start":{"line":31,"column":0},"end":{"line":31,"column":5}},"31":{"start":{"line":32,"column":0},"end":{"line":32,"column":12}},"32":{"start":{"line":33,"column":0},"end":{"line":33,"column":33}},"33":{"start":{"line":34,"column":0},"end":{"line":34,"column":54}},"34":{"start":{"line":35,"column":0},"end":{"line":35,"column":3}},"35":{"start":{"line":36,"column":0},"end":{"line":36,"column":49}},"36":{"start":{"line":37,"column":0},"end":{"line":37,"column":10}},"37":{"start":{"line":38,"column":0},"end":{"line":38,"column":57}},"38":{"start":{"line":39,"column":0},"end":{"line":39,"column":57}},"39":{"start":{"line":40,"column":0},"end":{"line":40,"column":56}},"40":{"start":{"line":41,"column":0},"end":{"line":41,"column":4}},"41":{"start":{"line":42,"column":0},"end":{"line":42,"column":1}},"42":{"start":{"line":43,"column":0},"end":{"line":43,"column":66}},"43":{"start":{"line":44,"column":0},"end":{"line":44,"column":9}},"44":{"start":{"line":45,"column":0},"end":{"line":45,"column":6}},"45":{"start":{"line":46,"column":0},"end":{"line":46,"column":6}},"46":{"start":{"line":47,"column":0},"end":{"line":47,"column":5}},"47":{"start":{"line":48,"column":0},"end":{"line":48,"column":12}},"48":{"start":{"line":49,"column":0},"end":{"line":49,"column":33}},"49":{"start":{"line":50,"column":0},"end":{"line":50,"column":54}},"50":{"start":{"line":51,"column":0},"end":{"line":51,"column":3}},"51":{"start":{"line":52,"column":0},"end":{"line":52,"column":48}},"52":{"start":{"line":53,"column":0},"end":{"line":53,"column":10}},"53":{"start":{"line":54,"column":0},"end":{"line":54,"column":51}},"54":{"start":{"line":55,"column":0},"end":{"line":55,"column":51}},"55":{"start":{"line":56,"column":0},"end":{"line":56,"column":50}},"56":{"start":{"line":57,"column":0},"end":{"line":57,"column":4}},"57":{"start":{"line":58,"column":0},"end":{"line":58,"column":1}},"58":{"start":{"line":59,"column":0},"end":{"line":59,"column":50}},"59":{"start":{"line":60,"column":0},"end":{"line":60,"column":10}},"60":{"start":{"line":61,"column":0},"end":{"line":61,"column":16}},"61":{"start":{"line":62,"column":0},"end":{"line":62,"column":36}},"62":{"start":{"line":63,"column":0},"end":{"line":63,"column":38}},"63":{"start":{"line":64,"column":0},"end":{"line":64,"column":39}},"64":{"start":{"line":65,"column":0},"end":{"line":65,"column":34}},"65":{"start":{"line":66,"column":0},"end":{"line":66,"column":36}},"66":{"start":{"line":67,"column":0},"end":{"line":67,"column":36}},"67":{"start":{"line":68,"column":0},"end":{"line":68,"column":4}},"68":{"start":{"line":69,"column":0},"end":{"line":69,"column":1}},"69":{"start":{"line":70,"column":0},"end":{"line":70,"column":56}},"70":{"start":{"line":71,"column":0},"end":{"line":71,"column":15}},"71":{"start":{"line":72,"column":0},"end":{"line":72,"column":14}},"72":{"start":{"line":73,"column":0},"end":{"line":73,"column":11}},"73":{"start":{"line":74,"column":0},"end":{"line":74,"column":24}},"74":{"start":{"line":75,"column":0},"end":{"line":75,"column":24}},"75":{"start":{"line":76,"column":0},"end":{"line":76,"column":24}},"76":{"start":{"line":77,"column":0},"end":{"line":77,"column":68}},"77":{"start":{"line":78,"column":0},"end":{"line":78,"column":68}},"78":{"start":{"line":79,"column":0},"end":{"line":79,"column":68}},"79":{"start":{"line":80,"column":0},"end":{"line":80,"column":55}},"80":{"start":{"line":81,"column":0},"end":{"line":81,"column":25}},"81":{"start":{"line":82,"column":0},"end":{"line":82,"column":21}},"82":{"start":{"line":83,"column":0},"end":{"line":83,"column":10}},"83":{"start":{"line":84,"column":0},"end":{"line":84,"column":22}},"84":{"start":{"line":85,"column":0},"end":{"line":85,"column":3}},"85":{"start":{"line":86,"column":0},"end":{"line":86,"column":1}},"86":{"start":{"line":87,"column":0},"end":{"line":87,"column":56}},"87":{"start":{"line":88,"column":0},"end":{"line":88,"column":15}},"88":{"start":{"line":89,"column":0},"end":{"line":89,"column":14}},"89":{"start":{"line":90,"column":0},"end":{"line":90,"column":18}},"90":{"start":{"line":91,"column":0},"end":{"line":91,"column":9}},"91":{"start":{"line":92,"column":0},"end":{"line":92,"column":9}},"92":{"start":{"line":93,"column":0},"end":{"line":93,"column":10}},"93":{"start":{"line":94,"column":0},"end":{"line":94,"column":12}},"94":{"start":{"line":95,"column":0},"end":{"line":95,"column":13}},"95":{"start":{"line":96,"column":0},"end":{"line":96,"column":9}},"96":{"start":{"line":97,"column":0},"end":{"line":97,"column":11}},"97":{"start":{"line":98,"column":0},"end":{"line":98,"column":11}},"98":{"start":{"line":99,"column":0},"end":{"line":99,"column":15}},"99":{"start":{"line":100,"column":0},"end":{"line":100,"column":10}},"100":{"start":{"line":101,"column":0},"end":{"line":101,"column":11}},"101":{"start":{"line":102,"column":0},"end":{"line":102,"column":18}},"102":{"start":{"line":103,"column":0},"end":{"line":103,"column":42}},"103":{"start":{"line":104,"column":0},"end":{"line":104,"column":6}},"104":{"start":{"line":105,"column":0},"end":{"line":105,"column":12}},"105":{"start":{"line":106,"column":0},"end":{"line":106,"column":19}},"106":{"start":{"line":107,"column":0},"end":{"line":107,"column":43}},"107":{"start":{"line":108,"column":0},"end":{"line":108,"column":6}},"108":{"start":{"line":109,"column":0},"end":{"line":109,"column":14}},"109":{"start":{"line":110,"column":0},"end":{"line":110,"column":21}},"110":{"start":{"line":111,"column":0},"end":{"line":111,"column":45}},"111":{"start":{"line":112,"column":0},"end":{"line":112,"column":6}},"112":{"start":{"line":113,"column":0},"end":{"line":113,"column":15}},"113":{"start":{"line":114,"column":0},"end":{"line":114,"column":22}},"114":{"start":{"line":115,"column":0},"end":{"line":115,"column":46}},"115":{"start":{"line":116,"column":0},"end":{"line":116,"column":6}},"116":{"start":{"line":117,"column":0},"end":{"line":117,"column":11}},"117":{"start":{"line":118,"column":0},"end":{"line":118,"column":18}},"118":{"start":{"line":119,"column":0},"end":{"line":119,"column":42}},"119":{"start":{"line":120,"column":0},"end":{"line":120,"column":6}},"120":{"start":{"line":121,"column":0},"end":{"line":121,"column":13}},"121":{"start":{"line":122,"column":0},"end":{"line":122,"column":20}},"122":{"start":{"line":123,"column":0},"end":{"line":123,"column":44}},"123":{"start":{"line":124,"column":0},"end":{"line":124,"column":6}},"124":{"start":{"line":125,"column":0},"end":{"line":125,"column":14}},"125":{"start":{"line":126,"column":0},"end":{"line":126,"column":21}},"126":{"start":{"line":127,"column":0},"end":{"line":127,"column":45}},"127":{"start":{"line":128,"column":0},"end":{"line":128,"column":5}},"128":{"start":{"line":129,"column":0},"end":{"line":129,"column":4}},"129":{"start":{"line":130,"column":0},"end":{"line":130,"column":1}},"130":{"start":{"line":131,"column":0},"end":{"line":131,"column":109}},"131":{"start":{"line":132,"column":0},"end":{"line":132,"column":49}},"132":{"start":{"line":133,"column":0},"end":{"line":133,"column":58}},"133":{"start":{"line":134,"column":0},"end":{"line":134,"column":11}},"134":{"start":{"line":135,"column":0},"end":{"line":135,"column":12}},"135":{"start":{"line":136,"column":0},"end":{"line":136,"column":10}},"136":{"start":{"line":137,"column":0},"end":{"line":137,"column":14}},"137":{"start":{"line":138,"column":0},"end":{"line":138,"column":11}},"138":{"start":{"line":139,"column":0},"end":{"line":139,"column":8}},"139":{"start":{"line":140,"column":0},"end":{"line":140,"column":8}},"140":{"start":{"line":141,"column":0},"end":{"line":141,"column":7}},"141":{"start":{"line":142,"column":0},"end":{"line":142,"column":14}},"142":{"start":{"line":143,"column":0},"end":{"line":143,"column":11}},"143":{"start":{"line":144,"column":0},"end":{"line":144,"column":12}},"144":{"start":{"line":145,"column":0},"end":{"line":145,"column":12}},"145":{"start":{"line":146,"column":0},"end":{"line":146,"column":11}},"146":{"start":{"line":147,"column":0},"end":{"line":147,"column":13}},"147":{"start":{"line":148,"column":0},"end":{"line":148,"column":63}},"148":{"start":{"line":149,"column":0},"end":{"line":149,"column":71}},"149":{"start":{"line":150,"column":0},"end":{"line":150,"column":5}},"150":{"start":{"line":151,"column":0},"end":{"line":151,"column":21}},"151":{"start":{"line":152,"column":0},"end":{"line":152,"column":1}},"152":{"start":{"line":153,"column":0},"end":{"line":153,"column":95}},"153":{"start":{"line":154,"column":0},"end":{"line":154,"column":49}},"154":{"start":{"line":155,"column":0},"end":{"line":155,"column":22}},"155":{"start":{"line":156,"column":0},"end":{"line":156,"column":45}},"156":{"start":{"line":157,"column":0},"end":{"line":157,"column":42}},"157":{"start":{"line":158,"column":0},"end":{"line":158,"column":4}},"158":{"start":{"line":159,"column":0},"end":{"line":159,"column":58}},"159":{"start":{"line":160,"column":0},"end":{"line":160,"column":36}},"160":{"start":{"line":161,"column":0},"end":{"line":161,"column":36}},"161":{"start":{"line":162,"column":0},"end":{"line":162,"column":45}},"162":{"start":{"line":163,"column":0},"end":{"line":163,"column":74}},"163":{"start":{"line":164,"column":0},"end":{"line":164,"column":89}},"164":{"start":{"line":165,"column":0},"end":{"line":165,"column":58}},"165":{"start":{"line":166,"column":0},"end":{"line":166,"column":5}},"166":{"start":{"line":167,"column":0},"end":{"line":167,"column":5}},"167":{"start":{"line":168,"column":0},"end":{"line":168,"column":21}},"168":{"start":{"line":169,"column":0},"end":{"line":169,"column":1}},"169":{"start":{"line":170,"column":0},"end":{"line":170,"column":69}},"170":{"start":{"line":171,"column":0},"end":{"line":171,"column":142}},"171":{"start":{"line":172,"column":0},"end":{"line":172,"column":1}}},"s":{"0":1,"1":1,"2":1,"3":1,"4":1,"5":1,"6":1,"7":62,"8":5,"9":5,"10":57,"11":62,"12":4,"13":4,"14":53,"15":53,"16":53,"17":53,"18":53,"19":53,"20":53,"21":53,"22":53,"23":53,"24":53,"25":12,"26":1,"27":134,"28":134,"29":134,"30":134,"31":134,"32":134,"33":2,"34":2,"35":132,"36":132,"37":134,"38":134,"39":134,"40":134,"41":5,"42":1,"43":134,"44":134,"45":134,"46":134,"47":134,"48":134,"49":2,"50":2,"51":132,"52":132,"53":134,"54":134,"55":134,"56":134,"57":5,"58":1,"59":43,"60":43,"61":43,"62":43,"63":43,"64":43,"65":43,"66":43,"67":43,"68":3,"69":1,"70":298,"71":298,"72":298,"73":298,"74":298,"75":298,"76":298,"77":298,"78":298,"79":298,"80":298,"81":162,"82":298,"83":136,"84":136,"85":4,"86":1,"87":42,"88":42,"89":42,"90":42,"91":42,"92":42,"93":42,"94":42,"95":42,"96":42,"97":42,"98":42,"99":42,"100":42,"101":42,"102":42,"103":42,"104":42,"105":42,"106":42,"107":42,"108":42,"109":42,"110":42,"111":42,"112":42,"113":42,"114":42,"115":42,"116":42,"117":42,"118":42,"119":42,"120":42,"121":42,"122":42,"123":42,"124":42,"125":42,"126":42,"127":42,"128":42,"129":2,"130":1,"131":41,"132":41,"133":287,"134":287,"135":287,"136":287,"137":287,"138":287,"139":287,"140":287,"141":287,"142":287,"143":287,"144":287,"145":287,"146":287,"147":287,"148":287,"149":41,"150":41,"151":1,"152":1,"153":5,"154":5,"155":5,"156":5,"157":5,"158":5,"159":45,"160":40,"161":40,"162":40,"163":40,"164":40,"165":40,"166":5,"167":5,"168":1,"169":1,"170":4,"171":4},"branchMap":{"0":{"type":"branch","line":7,"loc":{"start":{"line":7,"column":45},"end":{"line":26,"column":1}},"locations":[{"start":{"line":7,"column":45},"end":{"line":26,"column":1}}]},"1":{"type":"branch","line":8,"loc":{"start":{"line":8,"column":31},"end":{"line":10,"column":3}},"locations":[{"start":{"line":8,"column":31},"end":{"line":10,"column":3}}]},"2":{"type":"branch","line":10,"loc":{"start":{"line":10,"column":2},"end":{"line":12,"column":24}},"locations":[{"start":{"line":10,"column":2},"end":{"line":12,"column":24}}]},"3":{"type":"branch","line":12,"loc":{"start":{"line":12,"column":24},"end":{"line":14,"column":3}},"locations":[{"start":{"line":12,"column":24},"end":{"line":14,"column":3}}]},"4":{"type":"branch","line":14,"loc":{"start":{"line":14,"column":2},"end":{"line":26,"column":1}},"locations":[{"start":{"line":14,"column":2},"end":{"line":26,"column":1}}]},"5":{"type":"branch","line":26,"loc":{"start":{"line":26,"column":0},"end":{"line":26,"column":1}},"locations":[{"start":{"line":26,"column":0},"end":{"line":26,"column":1}}]},"6":{"type":"branch","line":27,"loc":{"start":{"line":27,"column":7},"end":{"line":42,"column":1}},"locations":[{"start":{"line":27,"column":7},"end":{"line":42,"column":1}}]},"7":{"type":"branch","line":33,"loc":{"start":{"line":33,"column":15},"end":{"line":33,"column":32}},"locations":[{"start":{"line":33,"column":15},"end":{"line":33,"column":32}}]},"8":{"type":"branch","line":33,"loc":{"start":{"line":33,"column":32},"end":{"line":35,"column":3}},"locations":[{"start":{"line":33,"column":32},"end":{"line":35,"column":3}}]},"9":{"type":"branch","line":35,"loc":{"start":{"line":35,"column":2},"end":{"line":38,"column":33}},"locations":[{"start":{"line":35,"column":2},"end":{"line":38,"column":33}}]},"10":{"type":"branch","line":38,"loc":{"start":{"line":38,"column":27},"end":{"line":38,"column":39}},"locations":[{"start":{"line":38,"column":27},"end":{"line":38,"column":39}}]},"11":{"type":"branch","line":38,"loc":{"start":{"line":38,"column":33},"end":{"line":38,"column":57}},"locations":[{"start":{"line":38,"column":33},"end":{"line":38,"column":57}}]},"12":{"type":"branch","line":39,"loc":{"start":{"line":39,"column":27},"end":{"line":39,"column":39}},"locations":[{"start":{"line":39,"column":27},"end":{"line":39,"column":39}}]},"13":{"type":"branch","line":39,"loc":{"start":{"line":39,"column":33},"end":{"line":39,"column":57}},"locations":[{"start":{"line":39,"column":33},"end":{"line":39,"column":57}}]},"14":{"type":"branch","line":40,"loc":{"start":{"line":40,"column":27},"end":{"line":40,"column":39}},"locations":[{"start":{"line":40,"column":27},"end":{"line":40,"column":39}}]},"15":{"type":"branch","line":40,"loc":{"start":{"line":40,"column":33},"end":{"line":40,"column":56}},"locations":[{"start":{"line":40,"column":33},"end":{"line":40,"column":56}}]},"16":{"type":"branch","line":42,"loc":{"start":{"line":42,"column":0},"end":{"line":42,"column":1}},"locations":[{"start":{"line":42,"column":0},"end":{"line":42,"column":1}}]},"17":{"type":"branch","line":43,"loc":{"start":{"line":43,"column":7},"end":{"line":58,"column":1}},"locations":[{"start":{"line":43,"column":7},"end":{"line":58,"column":1}}]},"18":{"type":"branch","line":49,"loc":{"start":{"line":49,"column":15},"end":{"line":49,"column":32}},"locations":[{"start":{"line":49,"column":15},"end":{"line":49,"column":32}}]},"19":{"type":"branch","line":49,"loc":{"start":{"line":49,"column":32},"end":{"line":51,"column":3}},"locations":[{"start":{"line":49,"column":32},"end":{"line":51,"column":3}}]},"20":{"type":"branch","line":51,"loc":{"start":{"line":51,"column":2},"end":{"line":54,"column":30}},"locations":[{"start":{"line":51,"column":2},"end":{"line":54,"column":30}}]},"21":{"type":"branch","line":54,"loc":{"start":{"line":54,"column":26},"end":{"line":54,"column":34}},"locations":[{"start":{"line":54,"column":26},"end":{"line":54,"column":34}}]},"22":{"type":"branch","line":54,"loc":{"start":{"line":54,"column":30},"end":{"line":54,"column":51}},"locations":[{"start":{"line":54,"column":30},"end":{"line":54,"column":51}}]},"23":{"type":"branch","line":55,"loc":{"start":{"line":55,"column":26},"end":{"line":55,"column":34}},"locations":[{"start":{"line":55,"column":26},"end":{"line":55,"column":34}}]},"24":{"type":"branch","line":55,"loc":{"start":{"line":55,"column":30},"end":{"line":55,"column":51}},"locations":[{"start":{"line":55,"column":30},"end":{"line":55,"column":51}}]},"25":{"type":"branch","line":56,"loc":{"start":{"line":56,"column":26},"end":{"line":56,"column":34}},"locations":[{"start":{"line":56,"column":26},"end":{"line":56,"column":34}}]},"26":{"type":"branch","line":56,"loc":{"start":{"line":56,"column":30},"end":{"line":56,"column":50}},"locations":[{"start":{"line":56,"column":30},"end":{"line":56,"column":50}}]},"27":{"type":"branch","line":58,"loc":{"start":{"line":58,"column":0},"end":{"line":58,"column":1}},"locations":[{"start":{"line":58,"column":0},"end":{"line":58,"column":1}}]},"28":{"type":"branch","line":59,"loc":{"start":{"line":59,"column":7},"end":{"line":69,"column":1}},"locations":[{"start":{"line":59,"column":7},"end":{"line":69,"column":1}}]},"29":{"type":"branch","line":69,"loc":{"start":{"line":69,"column":0},"end":{"line":69,"column":1}},"locations":[{"start":{"line":69,"column":0},"end":{"line":69,"column":1}}]},"30":{"type":"branch","line":70,"loc":{"start":{"line":70,"column":7},"end":{"line":86,"column":1}},"locations":[{"start":{"line":70,"column":7},"end":{"line":86,"column":1}}]},"31":{"type":"branch","line":77,"loc":{"start":{"line":77,"column":11},"end":{"line":77,"column":33}},"locations":[{"start":{"line":77,"column":11},"end":{"line":77,"column":33}}]},"32":{"type":"branch","line":77,"loc":{"start":{"line":77,"column":25},"end":{"line":77,"column":68}},"locations":[{"start":{"line":77,"column":25},"end":{"line":77,"column":68}}]},"33":{"type":"branch","line":78,"loc":{"start":{"line":78,"column":11},"end":{"line":78,"column":33}},"locations":[{"start":{"line":78,"column":11},"end":{"line":78,"column":33}}]},"34":{"type":"branch","line":78,"loc":{"start":{"line":78,"column":25},"end":{"line":78,"column":68}},"locations":[{"start":{"line":78,"column":25},"end":{"line":78,"column":68}}]},"35":{"type":"branch","line":79,"loc":{"start":{"line":79,"column":11},"end":{"line":79,"column":33}},"locations":[{"start":{"line":79,"column":11},"end":{"line":79,"column":33}}]},"36":{"type":"branch","line":79,"loc":{"start":{"line":79,"column":25},"end":{"line":79,"column":68}},"locations":[{"start":{"line":79,"column":25},"end":{"line":79,"column":68}}]},"37":{"type":"branch","line":81,"loc":{"start":{"line":81,"column":24},"end":{"line":83,"column":9}},"locations":[{"start":{"line":81,"column":24},"end":{"line":83,"column":9}}]},"38":{"type":"branch","line":83,"loc":{"start":{"line":83,"column":2},"end":{"line":85,"column":3}},"locations":[{"start":{"line":83,"column":2},"end":{"line":85,"column":3}}]},"39":{"type":"branch","line":86,"loc":{"start":{"line":86,"column":0},"end":{"line":86,"column":1}},"locations":[{"start":{"line":86,"column":0},"end":{"line":86,"column":1}}]},"40":{"type":"branch","line":87,"loc":{"start":{"line":87,"column":7},"end":{"line":130,"column":1}},"locations":[{"start":{"line":87,"column":7},"end":{"line":130,"column":1}}]},"41":{"type":"branch","line":130,"loc":{"start":{"line":130,"column":0},"end":{"line":130,"column":1}},"locations":[{"start":{"line":130,"column":0},"end":{"line":130,"column":1}}]},"42":{"type":"branch","line":131,"loc":{"start":{"line":131,"column":7},"end":{"line":152,"column":1}},"locations":[{"start":{"line":131,"column":7},"end":{"line":152,"column":1}}]},"43":{"type":"branch","line":133,"loc":{"start":{"line":133,"column":39},"end":{"line":150,"column":3}},"locations":[{"start":{"line":133,"column":39},"end":{"line":150,"column":3}}]},"44":{"type":"branch","line":152,"loc":{"start":{"line":152,"column":0},"end":{"line":152,"column":1}},"locations":[{"start":{"line":152,"column":0},"end":{"line":152,"column":1}}]},"45":{"type":"branch","line":153,"loc":{"start":{"line":153,"column":7},"end":{"line":169,"column":1}},"locations":[{"start":{"line":153,"column":7},"end":{"line":169,"column":1}}]},"46":{"type":"branch","line":159,"loc":{"start":{"line":159,"column":39},"end":{"line":167,"column":3}},"locations":[{"start":{"line":159,"column":39},"end":{"line":167,"column":3}}]},"47":{"type":"branch","line":160,"loc":{"start":{"line":160,"column":35},"end":{"line":166,"column":5}},"locations":[{"start":{"line":160,"column":35},"end":{"line":166,"column":5}}]},"48":{"type":"branch","line":169,"loc":{"start":{"line":169,"column":0},"end":{"line":169,"column":1}},"locations":[{"start":{"line":169,"column":0},"end":{"line":169,"column":1}}]},"49":{"type":"branch","line":170,"loc":{"start":{"line":170,"column":7},"end":{"line":172,"column":1}},"locations":[{"start":{"line":170,"column":7},"end":{"line":172,"column":1}}]},"50":{"type":"branch","line":171,"loc":{"start":{"line":171,"column":75},"end":{"line":171,"column":129}},"locations":[{"start":{"line":171,"column":75},"end":{"line":171,"column":129}}]},"51":{"type":"branch","line":172,"loc":{"start":{"line":172,"column":0},"end":{"line":172,"column":1}},"locations":[{"start":{"line":172,"column":0},"end":{"line":172,"column":1}}]}},"b":{"0":[62],"1":[5],"2":[57],"3":[4],"4":[53],"5":[12],"6":[134],"7":[133],"8":[2],"9":[132],"10":[35],"11":[97],"12":[17],"13":[115],"14":[23],"15":[109],"16":[5],"17":[134],"18":[133],"19":[2],"20":[132],"21":[59],"22":[73],"23":[26],"24":[106],"25":[47],"26":[85],"27":[5],"28":[43],"29":[3],"30":[298],"31":[71],"32":[227],"33":[38],"34":[260],"35":[58],"36":[240],"37":[162],"38":[136],"39":[4],"40":[42],"41":[2],"42":[41],"43":[287],"44":[1],"45":[5],"46":[45],"47":[40],"48":[1],"49":[4],"50":[448],"51":[4]},"fnMap":{"0":{"name":"hexToRgb","decl":{"start":{"line":7,"column":45},"end":{"line":26,"column":1}},"loc":{"start":{"line":7,"column":45},"end":{"line":26,"column":1}},"line":7},"1":{"name":"get","decl":{"start":{"line":26,"column":0},"end":{"line":26,"column":1}},"loc":{"start":{"line":26,"column":0},"end":{"line":26,"column":1}},"line":26},"2":{"name":"lightenColor","decl":{"start":{"line":27,"column":7},"end":{"line":42,"column":1}},"loc":{"start":{"line":27,"column":7},"end":{"line":42,"column":1}},"line":27},"3":{"name":"get","decl":{"start":{"line":42,"column":0},"end":{"line":42,"column":1}},"loc":{"start":{"line":42,"column":0},"end":{"line":42,"column":1}},"line":42},"4":{"name":"darkenColor","decl":{"start":{"line":43,"column":7},"end":{"line":58,"column":1}},"loc":{"start":{"line":43,"column":7},"end":{"line":58,"column":1}},"line":43},"5":{"name":"get","decl":{"start":{"line":58,"column":0},"end":{"line":58,"column":1}},"loc":{"start":{"line":58,"column":0},"end":{"line":58,"column":1}},"line":58},"6":{"name":"colorSet","decl":{"start":{"line":59,"column":7},"end":{"line":69,"column":1}},"loc":{"start":{"line":59,"column":7},"end":{"line":69,"column":1}},"line":59},"7":{"name":"get","decl":{"start":{"line":69,"column":0},"end":{"line":69,"column":1}},"loc":{"start":{"line":69,"column":0},"end":{"line":69,"column":1}},"line":69},"8":{"name":"accesibleTextColor","decl":{"start":{"line":70,"column":7},"end":{"line":86,"column":1}},"loc":{"start":{"line":70,"column":7},"end":{"line":86,"column":1}},"line":70},"9":{"name":"get","decl":{"start":{"line":86,"column":0},"end":{"line":86,"column":1}},"loc":{"start":{"line":86,"column":0},"end":{"line":86,"column":1}},"line":86},"10":{"name":"colorTextSet","decl":{"start":{"line":87,"column":7},"end":{"line":130,"column":1}},"loc":{"start":{"line":87,"column":7},"end":{"line":130,"column":1}},"line":87},"11":{"name":"get","decl":{"start":{"line":130,"column":0},"end":{"line":130,"column":1}},"loc":{"start":{"line":130,"column":0},"end":{"line":130,"column":1}},"line":130},"12":{"name":"colorTextSetToStyleObject","decl":{"start":{"line":131,"column":7},"end":{"line":152,"column":1}},"loc":{"start":{"line":131,"column":7},"end":{"line":152,"column":1}},"line":131},"13":{"name":"get","decl":{"start":{"line":152,"column":0},"end":{"line":152,"column":1}},"loc":{"start":{"line":152,"column":0},"end":{"line":152,"column":1}},"line":152},"14":{"name":"colorOptionsToStyleObject","decl":{"start":{"line":153,"column":7},"end":{"line":169,"column":1}},"loc":{"start":{"line":153,"column":7},"end":{"line":169,"column":1}},"line":153},"15":{"name":"get","decl":{"start":{"line":169,"column":0},"end":{"line":169,"column":1}},"loc":{"start":{"line":169,"column":0},"end":{"line":169,"column":1}},"line":169},"16":{"name":"colorOptionsToCssString","decl":{"start":{"line":170,"column":7},"end":{"line":172,"column":1}},"loc":{"start":{"line":170,"column":7},"end":{"line":172,"column":1}},"line":170},"17":{"name":"get","decl":{"start":{"line":172,"column":0},"end":{"line":172,"column":1}},"loc":{"start":{"line":172,"column":0},"end":{"line":172,"column":1}},"line":172}},"f":{"0":62,"1":12,"2":134,"3":5,"4":134,"5":5,"6":43,"7":3,"8":298,"9":4,"10":42,"11":2,"12":41,"13":1,"14":5,"15":1,"16":4,"17":4}}
,"C:\\Users\\Horia\\Documents\\Work\\Personal\\solid.js\\color-ui\\src\\core\\config\\index.ts": {"path":"C:\\Users\\Horia\\Documents\\Work\\Personal\\solid.js\\color-ui\\src\\core\\config\\index.ts","all":false,"statementMap":{"0":{"start":{"line":1,"column":0},"end":{"line":1,"column":56}},"1":{"start":{"line":2,"column":0},"end":{"line":2,"column":41}},"2":{"start":{"line":3,"column":0},"end":{"line":3,"column":30}},"3":{"start":{"line":4,"column":0},"end":{"line":4,"column":29}},"4":{"start":{"line":5,"column":0},"end":{"line":5,"column":2}},"5":{"start":{"line":6,"column":0},"end":{"line":6,"column":29}},"6":{"start":{"line":7,"column":0},"end":{"line":7,"column":16}},"7":{"start":{"line":8,"column":0},"end":{"line":8,"column":1}},"8":{"start":{"line":9,"column":0},"end":{"line":9,"column":67}},"9":{"start":{"line":10,"column":0},"end":{"line":10,"column":12}},"10":{"start":{"line":11,"column":0},"end":{"line":11,"column":14}},"11":{"start":{"line":12,"column":0},"end":{"line":12,"column":16}},"12":{"start":{"line":13,"column":0},"end":{"line":13,"column":4}},"13":{"start":{"line":14,"column":0},"end":{"line":14,"column":1}}},"s":{"0":1,"1":1,"2":1,"3":1,"4":1,"5":1,"6":8,"7":8,"8":1,"9":2,"10":2,"11":2,"12":2,"13":2},"branchMap":{"0":{"type":"branch","line":6,"loc":{"start":{"line":6,"column":7},"end":{"line":8,"column":1}},"locations":[{"start":{"line":6,"column":7},"end":{"line":8,"column":1}}]},"1":{"type":"branch","line":8,"loc":{"start":{"line":8,"column":0},"end":{"line":8,"column":1}},"locations":[{"start":{"line":8,"column":0},"end":{"line":8,"column":1}}]},"2":{"type":"branch","line":9,"loc":{"start":{"line":9,"column":7},"end":{"line":14,"column":1}},"locations":[{"start":{"line":9,"column":7},"end":{"line":14,"column":1}}]},"3":{"type":"branch","line":14,"loc":{"start":{"line":14,"column":0},"end":{"line":14,"column":1}},"locations":[{"start":{"line":14,"column":0},"end":{"line":14,"column":1}}]}},"b":{"0":[8],"1":[8],"2":[2],"3":[2]},"fnMap":{"0":{"name":"getConfig","decl":{"start":{"line":6,"column":7},"end":{"line":8,"column":1}},"loc":{"start":{"line":6,"column":7},"end":{"line":8,"column":1}},"line":6},"1":{"name":"get","decl":{"start":{"line":8,"column":0},"end":{"line":8,"column":1}},"loc":{"start":{"line":8,"column":0},"end":{"line":8,"column":1}},"line":8},"2":{"name":"createColorUI","decl":{"start":{"line":9,"column":7},"end":{"line":14,"column":1}},"loc":{"start":{"line":9,"column":7},"end":{"line":14,"column":1}},"line":9},"3":{"name":"get","decl":{"start":{"line":14,"column":0},"end":{"line":14,"column":1}},"loc":{"start":{"line":14,"column":0},"end":{"line":14,"column":1}},"line":14}},"f":{"0":8,"1":8,"2":2,"3":2}}
,"C:\\Users\\Horia\\Documents\\Work\\Personal\\solid.js\\color-ui\\src\\core\\constants\\index.ts": {"path":"C:\\Users\\Horia\\Documents\\Work\\Personal\\solid.js\\color-ui\\src\\core\\constants\\index.ts","all":false,"statementMap":{"0":{"start":{"line":1,"column":0},"end":{"line":1,"column":49}},"1":{"start":{"line":2,"column":0},"end":{"line":2,"column":31}},"2":{"start":{"line":3,"column":0},"end":{"line":3,"column":10}},"3":{"start":{"line":4,"column":0},"end":{"line":4,"column":23}},"4":{"start":{"line":5,"column":0},"end":{"line":5,"column":57}},"5":{"start":{"line":6,"column":0},"end":{"line":6,"column":25}},"6":{"start":{"line":7,"column":0},"end":{"line":7,"column":56}},"7":{"start":{"line":8,"column":0},"end":{"line":8,"column":24}},"8":{"start":{"line":9,"column":0},"end":{"line":9,"column":69}},"9":{"start":{"line":10,"column":0},"end":{"line":10,"column":23}},"10":{"start":{"line":11,"column":0},"end":{"line":11,"column":66}},"11":{"start":{"line":12,"column":0},"end":{"line":12,"column":20}},"12":{"start":{"line":13,"column":0},"end":{"line":13,"column":50}},"13":{"start":{"line":14,"column":0},"end":{"line":14,"column":23}},"14":{"start":{"line":15,"column":0},"end":{"line":15,"column":63}},"15":{"start":{"line":16,"column":0},"end":{"line":16,"column":22}},"16":{"start":{"line":17,"column":0},"end":{"line":17,"column":50}},"17":{"start":{"line":18,"column":0},"end":{"line":18,"column":26}},"18":{"start":{"line":19,"column":0},"end":{"line":19,"column":44}},"19":{"start":{"line":20,"column":0},"end":{"line":20,"column":11}},"20":{"start":{"line":21,"column":0},"end":{"line":21,"column":23}},"21":{"start":{"line":22,"column":0},"end":{"line":22,"column":52}},"22":{"start":{"line":23,"column":0},"end":{"line":23,"column":69}},"23":{"start":{"line":24,"column":0},"end":{"line":24,"column":5}},"24":{"start":{"line":25,"column":0},"end":{"line":25,"column":4}},"25":{"start":{"line":26,"column":0},"end":{"line":26,"column":0}},"26":{"start":{"line":27,"column":0},"end":{"line":27,"column":9}},"27":{"start":{"line":28,"column":0},"end":{"line":28,"column":23}},"28":{"start":{"line":29,"column":0},"end":{"line":29,"column":61}},"29":{"start":{"line":30,"column":0},"end":{"line":30,"column":25}},"30":{"start":{"line":31,"column":0},"end":{"line":31,"column":57}},"31":{"start":{"line":32,"column":0},"end":{"line":32,"column":24}},"32":{"start":{"line":33,"column":0},"end":{"line":33,"column":64}},"33":{"start":{"line":34,"column":0},"end":{"line":34,"column":23}},"34":{"start":{"line":35,"column":0},"end":{"line":35,"column":67}},"35":{"start":{"line":36,"column":0},"end":{"line":36,"column":20}},"36":{"start":{"line":37,"column":0},"end":{"line":37,"column":52}},"37":{"start":{"line":38,"column":0},"end":{"line":38,"column":23}},"38":{"start":{"line":39,"column":0},"end":{"line":39,"column":72}},"39":{"start":{"line":40,"column":0},"end":{"line":40,"column":22}},"40":{"start":{"line":41,"column":0},"end":{"line":41,"column":79}},"41":{"start":{"line":42,"column":0},"end":{"line":42,"column":26}},"42":{"start":{"line":43,"column":0},"end":{"line":43,"column":43}},"43":{"start":{"line":44,"column":0},"end":{"line":44,"column":11}},"44":{"start":{"line":45,"column":0},"end":{"line":45,"column":23}},"45":{"start":{"line":46,"column":0},"end":{"line":46,"column":81}},"46":{"start":{"line":47,"column":0},"end":{"line":47,"column":98}},"47":{"start":{"line":48,"column":0},"end":{"line":48,"column":5}},"48":{"start":{"line":49,"column":0},"end":{"line":49,"column":3}},"49":{"start":{"line":50,"column":0},"end":{"line":50,"column":2}},"50":{"start":{"line":51,"column":0},"end":{"line":51,"column":0}},"51":{"start":{"line":52,"column":0},"end":{"line":52,"column":30}},"52":{"start":{"line":53,"column":0},"end":{"line":53,"column":42}},"53":{"start":{"line":54,"column":0},"end":{"line":54,"column":26}},"54":{"start":{"line":55,"column":0},"end":{"line":55,"column":24}},"55":{"start":{"line":56,"column":0},"end":{"line":56,"column":24}},"56":{"start":{"line":57,"column":0},"end":{"line":57,"column":35}},"57":{"start":{"line":58,"column":0},"end":{"line":58,"column":30}},"58":{"start":{"line":59,"column":0},"end":{"line":59,"column":30}},"59":{"start":{"line":60,"column":0},"end":{"line":60,"column":2}},"60":{"start":{"line":61,"column":0},"end":{"line":61,"column":57}},"61":{"start":{"line":62,"column":0},"end":{"line":62,"column":25}},"62":{"start":{"line":63,"column":0},"end":{"line":63,"column":23}},"63":{"start":{"line":64,"column":0},"end":{"line":64,"column":17}},"64":{"start":{"line":65,"column":0},"end":{"line":65,"column":29}},"65":{"start":{"line":66,"column":0},"end":{"line":66,"column":24}},"66":{"start":{"line":67,"column":0},"end":{"line":67,"column":20}},"67":{"start":{"line":68,"column":0},"end":{"line":68,"column":3}},"68":{"start":{"line":69,"column":0},"end":{"line":69,"column":2}}},"s":{"0":1,"1":1,"2":1,"3":1,"4":1,"5":1,"6":1,"7":1,"8":1,"9":1,"10":1,"11":1,"12":1,"13":1,"14":1,"15":1,"16":1,"17":1,"18":1,"19":1,"20":1,"21":1,"22":1,"23":1,"24":1,"25":1,"26":1,"27":1,"28":1,"29":1,"30":1,"31":1,"32":1,"33":1,"34":1,"35":1,"36":1,"37":1,"38":1,"39":1,"40":1,"41":1,"42":1,"43":1,"44":1,"45":1,"46":1,"47":1,"48":1,"49":1,"50":1,"51":1,"52":1,"53":1,"54":1,"55":1,"56":1,"57":1,"58":1,"59":1,"60":1,"61":1,"62":1,"63":1,"64":1,"65":1,"66":1,"67":1,"68":4},"branchMap":{"0":{"type":"branch","line":50,"loc":{"start":{"line":50,"column":0},"end":{"line":50,"column":2}},"locations":[{"start":{"line":50,"column":0},"end":{"line":50,"column":2}}]},"1":{"type":"branch","line":60,"loc":{"start":{"line":60,"column":0},"end":{"line":60,"column":2}},"locations":[{"start":{"line":60,"column":0},"end":{"line":60,"column":2}}]},"2":{"type":"branch","line":69,"loc":{"start":{"line":69,"column":0},"end":{"line":69,"column":2}},"locations":[{"start":{"line":69,"column":0},"end":{"line":69,"column":2}}]}},"b":{"0":[1],"1":[1],"2":[4]},"fnMap":{"0":{"name":"get","decl":{"start":{"line":50,"column":0},"end":{"line":50,"column":2}},"loc":{"start":{"line":50,"column":0},"end":{"line":50,"column":2}},"line":50},"1":{"name":"get","decl":{"start":{"line":60,"column":0},"end":{"line":60,"column":2}},"loc":{"start":{"line":60,"column":0},"end":{"line":60,"column":2}},"line":60},"2":{"name":"get","decl":{"start":{"line":69,"column":0},"end":{"line":69,"column":2}},"loc":{"start":{"line":69,"column":0},"end":{"line":69,"column":2}},"line":69}},"f":{"0":1,"1":1,"2":4}}
,"C:\\Users\\Horia\\Documents\\Work\\Personal\\solid.js\\color-ui\\src\\core\\i18n\\providers\\default-provider.ts": {"path":"C:\\Users\\Horia\\Documents\\Work\\Personal\\solid.js\\color-ui\\src\\core\\i18n\\providers\\default-provider.ts","all":false,"statementMap":{"0":{"start":{"line":1,"column":0},"end":{"line":1,"column":47}},"1":{"start":{"line":2,"column":0},"end":{"line":2,"column":45}},"2":{"start":{"line":3,"column":0},"end":{"line":3,"column":40}},"3":{"start":{"line":4,"column":0},"end":{"line":4,"column":37}},"4":{"start":{"line":5,"column":0},"end":{"line":5,"column":32}},"5":{"start":{"line":6,"column":0},"end":{"line":6,"column":17}},"6":{"start":{"line":7,"column":0},"end":{"line":7,"column":25}},"7":{"start":{"line":8,"column":0},"end":{"line":8,"column":4}},"8":{"start":{"line":9,"column":0},"end":{"line":9,"column":15}},"9":{"start":{"line":10,"column":0},"end":{"line":10,"column":15}},"10":{"start":{"line":11,"column":0},"end":{"line":11,"column":22}},"11":{"start":{"line":12,"column":0},"end":{"line":12,"column":4}},"12":{"start":{"line":13,"column":0},"end":{"line":13,"column":15}},"13":{"start":{"line":14,"column":0},"end":{"line":14,"column":3}},"14":{"start":{"line":15,"column":0},"end":{"line":15,"column":56}},"15":{"start":{"line":16,"column":0},"end":{"line":16,"column":12}},"16":{"start":{"line":17,"column":0},"end":{"line":17,"column":13}},"17":{"start":{"line":18,"column":0},"end":{"line":18,"column":15}},"18":{"start":{"line":19,"column":0},"end":{"line":19,"column":24}},"19":{"start":{"line":20,"column":0},"end":{"line":20,"column":20}},"20":{"start":{"line":21,"column":0},"end":{"line":21,"column":5}},"21":{"start":{"line":22,"column":0},"end":{"line":22,"column":5}},"22":{"start":{"line":23,"column":0},"end":{"line":23,"column":1}},"23":{"start":{"line":24,"column":0},"end":{"line":24,"column":39}},"24":{"start":{"line":25,"column":0},"end":{"line":25,"column":12}},"25":{"start":{"line":26,"column":0},"end":{"line":26,"column":13}},"26":{"start":{"line":27,"column":0},"end":{"line":27,"column":21}},"27":{"start":{"line":28,"column":0},"end":{"line":28,"column":5}},"28":{"start":{"line":29,"column":0},"end":{"line":29,"column":1}},"29":{"start":{"line":30,"column":0},"end":{"line":30,"column":55}},"30":{"start":{"line":31,"column":0},"end":{"line":31,"column":12}},"31":{"start":{"line":32,"column":0},"end":{"line":32,"column":13}},"32":{"start":{"line":33,"column":0},"end":{"line":33,"column":37}},"33":{"start":{"line":34,"column":0},"end":{"line":34,"column":5}},"34":{"start":{"line":35,"column":0},"end":{"line":35,"column":1}},"35":{"start":{"line":36,"column":0},"end":{"line":36,"column":0}},"36":{"start":{"line":37,"column":0},"end":{"line":37,"column":3}},"37":{"start":{"line":38,"column":0},"end":{"line":38,"column":80}},"38":{"start":{"line":39,"column":0},"end":{"line":39,"column":3}},"39":{"start":{"line":40,"column":0},"end":{"line":40,"column":33}},"40":{"start":{"line":41,"column":0},"end":{"line":41,"column":151}},"41":{"start":{"line":42,"column":0},"end":{"line":42,"column":16}},"42":{"start":{"line":43,"column":0},"end":{"line":43,"column":1}},"43":{"start":{"line":44,"column":0},"end":{"line":44,"column":42}},"44":{"start":{"line":45,"column":0},"end":{"line":45,"column":10}},"45":{"start":{"line":46,"column":0},"end":{"line":46,"column":6}},"46":{"start":{"line":47,"column":0},"end":{"line":47,"column":16}},"47":{"start":{"line":48,"column":0},"end":{"line":48,"column":14}},"48":{"start":{"line":49,"column":0},"end":{"line":49,"column":21}},"49":{"start":{"line":50,"column":0},"end":{"line":50,"column":4}},"50":{"start":{"line":51,"column":0},"end":{"line":51,"column":1}}},"s":{"0":1,"1":1,"2":1,"3":1,"4":1,"5":1,"6":1,"7":1,"8":1,"9":1,"10":1,"11":1,"12":1,"13":1,"14":6,"15":6,"16":6,"17":6,"18":6,"19":6,"20":6,"21":6,"22":6,"23":2,"24":2,"25":2,"26":2,"27":2,"28":2,"29":1,"30":1,"31":1,"32":1,"33":1,"34":1,"35":1,"36":1,"37":1,"38":1,"39":7,"40":7,"41":7,"42":7,"43":7,"44":7,"45":7,"46":7,"47":7,"48":7,"49":7,"50":7},"branchMap":{"0":{"type":"branch","line":15,"loc":{"start":{"line":15,"column":0},"end":{"line":23,"column":1}},"locations":[{"start":{"line":15,"column":0},"end":{"line":23,"column":1}}]},"1":{"type":"branch","line":24,"loc":{"start":{"line":24,"column":0},"end":{"line":29,"column":1}},"locations":[{"start":{"line":24,"column":0},"end":{"line":29,"column":1}}]},"2":{"type":"branch","line":30,"loc":{"start":{"line":30,"column":0},"end":{"line":35,"column":1}},"locations":[{"start":{"line":30,"column":0},"end":{"line":35,"column":1}}]},"3":{"type":"branch","line":40,"loc":{"start":{"line":40,"column":0},"end":{"line":43,"column":1}},"locations":[{"start":{"line":40,"column":0},"end":{"line":43,"column":1}}]},"4":{"type":"branch","line":41,"loc":{"start":{"line":41,"column":77},"end":{"line":41,"column":147}},"locations":[{"start":{"line":41,"column":77},"end":{"line":41,"column":147}}]},"5":{"type":"branch","line":41,"loc":{"start":{"line":41,"column":142},"end":{"line":41,"column":151}},"locations":[{"start":{"line":41,"column":142},"end":{"line":41,"column":151}}]},"6":{"type":"branch","line":44,"loc":{"start":{"line":44,"column":0},"end":{"line":51,"column":1}},"locations":[{"start":{"line":44,"column":0},"end":{"line":51,"column":1}}]}},"b":{"0":[6],"1":[2],"2":[1],"3":[7],"4":[1],"5":[1],"6":[7]},"fnMap":{"0":{"name":"setMessages","decl":{"start":{"line":15,"column":0},"end":{"line":23,"column":1}},"loc":{"start":{"line":15,"column":0},"end":{"line":23,"column":1}},"line":15},"1":{"name":"setLocale","decl":{"start":{"line":24,"column":0},"end":{"line":29,"column":1}},"loc":{"start":{"line":24,"column":0},"end":{"line":29,"column":1}},"line":24},"2":{"name":"setFallbackLocale","decl":{"start":{"line":30,"column":0},"end":{"line":35,"column":1}},"loc":{"start":{"line":30,"column":0},"end":{"line":35,"column":1}},"line":30},"3":{"name":"t","decl":{"start":{"line":40,"column":0},"end":{"line":43,"column":1}},"loc":{"start":{"line":40,"column":0},"end":{"line":43,"column":1}},"line":40},"4":{"name":"__vite_ssr_exports__.default","decl":{"start":{"line":44,"column":0},"end":{"line":51,"column":1}},"loc":{"start":{"line":44,"column":0},"end":{"line":51,"column":1}},"line":44}},"f":{"0":6,"1":2,"2":1,"3":7,"4":7}}
,"C:\\Users\\Horia\\Documents\\Work\\Personal\\solid.js\\color-ui\\src\\utils\\attribufy\\index.ts": {"path":"C:\\Users\\Horia\\Documents\\Work\\Personal\\solid.js\\color-ui\\src\\utils\\attribufy\\index.ts","all":false,"statementMap":{"0":{"start":{"line":1,"column":0},"end":{"line":1,"column":3}},"1":{"start":{"line":2,"column":0},"end":{"line":2,"column":77}},"2":{"start":{"line":3,"column":0},"end":{"line":3,"column":76}},"3":{"start":{"line":4,"column":0},"end":{"line":4,"column":36}},"4":{"start":{"line":5,"column":0},"end":{"line":5,"column":3}},"5":{"start":{"line":6,"column":0},"end":{"line":6,"column":0}},"6":{"start":{"line":7,"column":0},"end":{"line":7,"column":94}},"7":{"start":{"line":8,"column":0},"end":{"line":8,"column":80}},"8":{"start":{"line":9,"column":0},"end":{"line":9,"column":40}},"9":{"start":{"line":10,"column":0},"end":{"line":10,"column":29}},"10":{"start":{"line":11,"column":0},"end":{"line":11,"column":5}},"11":{"start":{"line":12,"column":0},"end":{"line":12,"column":15}},"12":{"start":{"line":13,"column":0},"end":{"line":13,"column":16}},"13":{"start":{"line":14,"column":0},"end":{"line":14,"column":2}},"14":{"start":{"line":15,"column":0},"end":{"line":15,"column":25}}},"s":{"0":1,"1":1,"2":1,"3":1,"4":1,"5":1,"6":1,"7":29,"8":64,"9":9,"10":9,"11":64,"12":29,"13":29,"14":1},"branchMap":{"0":{"type":"branch","line":7,"loc":{"start":{"line":7,"column":93},"end":{"line":14,"column":2}},"locations":[{"start":{"line":7,"column":93},"end":{"line":14,"column":2}}]},"1":{"type":"branch","line":7,"loc":{"start":{"line":7,"column":93},"end":{"line":14,"column":2}},"locations":[{"start":{"line":7,"column":93},"end":{"line":14,"column":2}}]},"2":{"type":"branch","line":8,"loc":{"start":{"line":8,"column":65},"end":{"line":13,"column":6}},"locations":[{"start":{"line":8,"column":65},"end":{"line":13,"column":6}}]},"3":{"type":"branch","line":9,"loc":{"start":{"line":9,"column":39},"end":{"line":11,"column":5}},"locations":[{"start":{"line":9,"column":39},"end":{"line":11,"column":5}}]}},"b":{"0":[29],"1":[29],"2":[64],"3":[9]},"fnMap":{"0":{"name":"attribufy","decl":{"start":{"line":7,"column":93},"end":{"line":14,"column":2}},"loc":{"start":{"line":7,"column":93},"end":{"line":14,"column":2}},"line":7}},"f":{"0":29}}
,"C:\\Users\\Horia\\Documents\\Work\\Personal\\solid.js\\color-ui\\src\\utils\\build-color-style\\index.ts": {"path":"C:\\Users\\Horia\\Documents\\Work\\Personal\\solid.js\\color-ui\\src\\utils\\build-color-style\\index.ts","all":false,"statementMap":{"0":{"start":{"line":1,"column":0},"end":{"line":1,"column":60}},"1":{"start":{"line":2,"column":0},"end":{"line":2,"column":103}},"2":{"start":{"line":3,"column":0},"end":{"line":3,"column":64}},"3":{"start":{"line":4,"column":0},"end":{"line":4,"column":29}},"4":{"start":{"line":5,"column":0},"end":{"line":5,"column":35}},"5":{"start":{"line":6,"column":0},"end":{"line":6,"column":145}},"6":{"start":{"line":7,"column":0},"end":{"line":7,"column":3}},"7":{"start":{"line":8,"column":0},"end":{"line":8,"column":26}},"8":{"start":{"line":9,"column":0},"end":{"line":9,"column":1}}},"s":{"0":1,"1":1,"2":22,"3":22,"4":22,"5":154,"6":154,"7":22,"8":22},"branchMap":{"0":{"type":"branch","line":3,"loc":{"start":{"line":3,"column":0},"end":{"line":9,"column":1}},"locations":[{"start":{"line":3,"column":0},"end":{"line":9,"column":1}}]},"1":{"type":"branch","line":5,"loc":{"start":{"line":5,"column":34},"end":{"line":7,"column":3}},"locations":[{"start":{"line":5,"column":34},"end":{"line":7,"column":3}}]}},"b":{"0":[22],"1":[154]},"fnMap":{"0":{"name":"__vite_ssr_exports__.default","decl":{"start":{"line":3,"column":0},"end":{"line":9,"column":1}},"loc":{"start":{"line":3,"column":0},"end":{"line":9,"column":1}},"line":3}},"f":{"0":22}}
,"C:\\Users\\Horia\\Documents\\Work\\Personal\\solid.js\\color-ui\\src\\utils\\resolve-path\\index.ts": {"path":"C:\\Users\\Horia\\Documents\\Work\\Personal\\solid.js\\color-ui\\src\\utils\\resolve-path\\index.ts","all":false,"statementMap":{"0":{"start":{"line":1,"column":0},"end":{"line":1,"column":98}},"1":{"start":{"line":2,"column":0},"end":{"line":2,"column":72}},"2":{"start":{"line":3,"column":0},"end":{"line":3,"column":1}}},"s":{"0":1,"1":14,"2":14},"branchMap":{"0":{"type":"branch","line":1,"loc":{"start":{"line":1,"column":97},"end":{"line":3,"column":1}},"locations":[{"start":{"line":1,"column":97},"end":{"line":3,"column":1}}]},"1":{"type":"branch","line":2,"loc":{"start":{"line":2,"column":32},"end":{"line":2,"column":64}},"locations":[{"start":{"line":2,"column":32},"end":{"line":2,"column":64}}]},"2":{"type":"branch","line":2,"loc":{"start":{"line":2,"column":42},"end":{"line":2,"column":53}},"locations":[{"start":{"line":2,"column":42},"end":{"line":2,"column":53}}]},"3":{"type":"branch","line":2,"loc":{"start":{"line":2,"column":49},"end":{"line":2,"column":64}},"locations":[{"start":{"line":2,"column":49},"end":{"line":2,"column":64}}]}},"b":{"0":[14],"1":[33],"2":[31],"3":[2]},"fnMap":{"0":{"name":"resolvePath","decl":{"start":{"line":1,"column":97},"end":{"line":3,"column":1}},"loc":{"start":{"line":1,"column":97},"end":{"line":3,"column":1}},"line":1}},"f":{"0":14}}
,"C:\\Users\\Horia\\Documents\\Work\\Personal\\solid.js\\color-ui\\src\\utils\\sleep\\index.ts": {"path":"C:\\Users\\Horia\\Documents\\Work\\Personal\\solid.js\\color-ui\\src\\utils\\sleep\\index.ts","all":false,"statementMap":{"0":{"start":{"line":1,"column":0},"end":{"line":1,"column":38}},"1":{"start":{"line":2,"column":0},"end":{"line":2,"column":57}},"2":{"start":{"line":3,"column":0},"end":{"line":3,"column":1}}},"s":{"0":1,"1":10,"2":10},"branchMap":{"0":{"type":"branch","line":1,"loc":{"start":{"line":1,"column":37},"end":{"line":3,"column":1}},"locations":[{"start":{"line":1,"column":37},"end":{"line":3,"column":1}}]},"1":{"type":"branch","line":2,"loc":{"start":{"line":2,"column":21},"end":{"line":2,"column":55}},"locations":[{"start":{"line":2,"column":21},"end":{"line":2,"column":55}}]}},"b":{"0":[10],"1":[10]},"fnMap":{"0":{"name":"__vite_ssr_exports__.default","decl":{"start":{"line":1,"column":37},"end":{"line":3,"column":1}},"loc":{"start":{"line":1,"column":37},"end":{"line":3,"column":1}},"line":1}},"f":{"0":10}}
}
